2024-05-27 23:37:36 - BinanceDataReceiver - INFO - about to start client for HistoricalDataDownloader with the following settings. api_key: 9f284aad3af2daa858ea0cf471f5e3ff4d864bde21927a33fb38fe914e57269a, api_secret: 3244b9a49d5cbdd8918d9a2a041ff472e0a793941d40ca75684851a0badee35d, testnet: True
2024-05-27 23:37:36 - urllib3.connectionpool - DEBUG - Starting new HTTPS connection (1): testnet.binance.vision:443
2024-05-27 23:37:36 - urllib3.connectionpool - DEBUG - https://testnet.binance.vision:443 "GET /api/v3/ping HTTP/1.1" 200 2
2024-05-27 23:37:36 - TradeStrategy - DEBUG - addStep method call start
2024-05-27 23:37:36 - TradeStrategy - DEBUG - addStep method call end
2024-05-27 23:37:36 - TradeStrategy - DEBUG - addStep method call start
2024-05-27 23:37:36 - TradeStrategy - DEBUG - addStep method call end
2024-05-27 23:37:36 - TradeStrategy - DEBUG - addStep method call start
2024-05-27 23:37:36 - TradeStrategy - DEBUG - addStep method call end
2024-05-27 23:37:36 - TradeStrategy - DEBUG - addStep method call start
2024-05-27 23:37:36 - TradeStrategy - DEBUG - addStep method call end
2024-05-27 23:37:36 - urllib3.connectionpool - DEBUG - Starting new HTTPS connection (1): testnet.binance.vision:443
2024-05-27 23:37:38 - urllib3.connectionpool - DEBUG - https://testnet.binance.vision:443 "GET /api/v3/ping HTTP/1.1" 200 2
2024-05-27 23:37:38 - TradeStrategy - DEBUG - addStep method call start
2024-05-27 23:37:38 - TradeStrategy - DEBUG - addStep method call end
2024-05-27 23:37:38 - BinanceDataReceiver - INFO - endpoint for liveDataDownloader: wss://stream.binancefuture.com:443/ws
2024-05-27 23:37:38 - HistoricalDataDownloader - DEBUG - getBinanceHistoricalData method call start
2024-05-27 23:37:38 - HistoricalDataDownloader - INFO - getBinanceHistoricalData. symbol: BTCUSDT, interval: 1m, startStr2024-05-20 08:37:36
2024-05-27 23:37:38 - urllib3.connectionpool - DEBUG - https://testnet.binance.vision:443 "GET /api/v3/klines?endTime=1716842258248&interval=1m&limit=1&startTime=0&symbol=BTCUSDT HTTP/1.1" 200 165
2024-05-27 23:37:39 - urllib3.connectionpool - DEBUG - https://testnet.binance.vision:443 "GET /api/v3/klines?endTime=1716237456000&interval=1m&limit=1000&startTime=1716194256000&symbol=BTCUSDT HTTP/1.1" 200 32227
2024-05-27 23:37:39 - HistoricalDataDownloader - DEBUG - notify method call start
2024-05-27 23:37:39 - TradeStrategy - DEBUG - update method call start
2024-05-27 23:37:39 - TradeData - DEBUG - addCandles method call start
2024-05-27 23:37:39 - TradeData - DEBUG - addCandles method call start
2024-05-27 23:37:39 - TradeStrategy - DEBUG - process method call start
2024-05-27 23:51:06 - BinanceDataReceiver - INFO - about to start client for HistoricalDataDownloader with the following settings. api_key: 9f284aad3af2daa858ea0cf471f5e3ff4d864bde21927a33fb38fe914e57269a, api_secret: 3244b9a49d5cbdd8918d9a2a041ff472e0a793941d40ca75684851a0badee35d, testnet: True
2024-05-27 23:51:06 - urllib3.connectionpool - DEBUG - Starting new HTTPS connection (1): testnet.binance.vision:443
2024-05-27 23:51:07 - urllib3.connectionpool - DEBUG - https://testnet.binance.vision:443 "GET /api/v3/ping HTTP/1.1" 200 2
2024-05-27 23:51:07 - TradeStrategy - DEBUG - addStep method call start
2024-05-27 23:51:07 - TradeStrategy - DEBUG - addStep method call end
2024-05-27 23:51:07 - TradeStrategy - DEBUG - addStep method call start
2024-05-27 23:51:07 - TradeStrategy - DEBUG - addStep method call end
2024-05-27 23:51:07 - TradeStrategy - DEBUG - addStep method call start
2024-05-27 23:51:07 - TradeStrategy - DEBUG - addStep method call end
2024-05-27 23:51:07 - TradeStrategy - DEBUG - addStep method call start
2024-05-27 23:51:07 - TradeStrategy - DEBUG - addStep method call end
2024-05-27 23:51:07 - urllib3.connectionpool - DEBUG - Starting new HTTPS connection (1): testnet.binance.vision:443
2024-05-27 23:51:08 - urllib3.connectionpool - DEBUG - https://testnet.binance.vision:443 "GET /api/v3/ping HTTP/1.1" 200 2
2024-05-27 23:51:08 - TradeStrategy - DEBUG - addStep method call start
2024-05-27 23:51:08 - TradeStrategy - DEBUG - addStep method call end
2024-05-27 23:51:08 - BinanceDataReceiver - INFO - endpoint for liveDataDownloader: wss://stream.binancefuture.com:443/ws
2024-05-27 23:51:36 - BinanceDataReceiver - INFO - about to start client for HistoricalDataDownloader with the following settings. api_key: 9f284aad3af2daa858ea0cf471f5e3ff4d864bde21927a33fb38fe914e57269a, api_secret: 3244b9a49d5cbdd8918d9a2a041ff472e0a793941d40ca75684851a0badee35d, testnet: True
2024-05-27 23:51:36 - urllib3.connectionpool - DEBUG - Starting new HTTPS connection (1): testnet.binance.vision:443
2024-05-27 23:51:37 - urllib3.connectionpool - DEBUG - https://testnet.binance.vision:443 "GET /api/v3/ping HTTP/1.1" 200 2
2024-05-27 23:51:37 - TradeStrategy - DEBUG - addStep method call start
2024-05-27 23:51:37 - TradeStrategy - DEBUG - addStep method call end
2024-05-27 23:51:37 - TradeStrategy - DEBUG - addStep method call start
2024-05-27 23:51:37 - TradeStrategy - DEBUG - addStep method call end
2024-05-27 23:51:37 - TradeStrategy - DEBUG - addStep method call start
2024-05-27 23:51:37 - TradeStrategy - DEBUG - addStep method call end
2024-05-27 23:51:37 - TradeStrategy - DEBUG - addStep method call start
2024-05-27 23:51:37 - TradeStrategy - DEBUG - addStep method call end
2024-05-27 23:51:37 - urllib3.connectionpool - DEBUG - Starting new HTTPS connection (1): testnet.binance.vision:443
2024-05-27 23:51:38 - urllib3.connectionpool - DEBUG - https://testnet.binance.vision:443 "GET /api/v3/ping HTTP/1.1" 200 2
2024-05-27 23:51:38 - TradeStrategy - DEBUG - addStep method call start
2024-05-27 23:51:38 - TradeStrategy - DEBUG - addStep method call end
2024-05-27 23:51:38 - BinanceDataReceiver - INFO - endpoint for liveDataDownloader: wss://stream.binancefuture.com:443/ws
2024-05-27 23:51:38 - HistoricalDataDownloader - DEBUG - getBinanceHistoricalData method call start
2024-05-27 23:51:38 - HistoricalDataDownloader - INFO - getBinanceHistoricalData. symbol: BTCUSDT, interval: 1m, startStr2024-05-27 19:21:36
2024-05-27 23:51:39 - urllib3.connectionpool - DEBUG - https://testnet.binance.vision:443 "GET /api/v3/klines?endTime=1716843098447&interval=1m&limit=1&startTime=0&symbol=BTCUSDT HTTP/1.1" 200 165
2024-05-27 23:51:39 - urllib3.connectionpool - DEBUG - https://testnet.binance.vision:443 "GET /api/v3/klines?interval=1m&limit=1000&startTime=1716837696000&symbol=BTCUSDT HTTP/1.1" 200 4029
2024-05-27 23:51:39 - HistoricalDataDownloader - DEBUG - notify method call start
2024-05-27 23:51:39 - TradeStrategy - DEBUG - update method call start
2024-05-27 23:51:39 - TradeData - DEBUG - addCandles method call start
2024-05-27 23:51:39 - TradeData - DEBUG - addCandles method call start
2024-05-27 23:51:39 - TradeStrategy - DEBUG - process method call start
2024-05-27 23:51:40 - TradeStrategy - DEBUG - process method call start
2024-05-27 23:51:40 - TradeStrategy - DEBUG - update method call end
2024-05-27 23:51:40 - HistoricalDataDownloader - DEBUG - notify method call end
2024-05-27 23:51:40 - HistoricalDataDownloader - DEBUG - getBinanceHistoricalData method call start
2024-05-27 23:51:40 - LiveDataDownloader - DEBUG - start listening for data from websocket
2024-05-27 23:51:41 - websocket - INFO - Websocket connected
2024-05-27 23:51:41 - LiveDataDownloader - INFO - about to send subscribe method to the websocket with the following params_string:btcusdt@kline_1m
2024-05-27 23:51:41 - websocket - ERROR - error from callback <bound method LiveDataDownloader.__onMessage__ of <LiveDataDownloader.LiveDataDownloader object at 0x0000018B2BF7A870>>: 'k'
2024-05-27 23:52:01 - LiveDataDownloader - DEBUG - new candle, notify subs
2024-05-27 23:52:01 - LiveDataDownloader - DEBUG - notify method call start
2024-05-27 23:52:01 - TradeStrategy - DEBUG - update method call start
2024-05-27 23:52:01 - TradeData - DEBUG - addCandle method call start
2024-05-27 23:52:01 - TradeData - DEBUG - addCandle method call end
2024-05-27 23:52:01 - TradeStrategy - DEBUG - process method call start
2024-05-27 23:52:01 - TradeStrategy - DEBUG - process method call start
2024-05-27 23:52:01 - TradeStrategy - DEBUG - update method call end
2024-05-27 23:52:01 - LiveDataDownloader - DEBUG - notify method call end
2024-05-27 23:53:00 - LiveDataDownloader - DEBUG - new candle, notify subs
2024-05-27 23:53:00 - LiveDataDownloader - DEBUG - notify method call start
2024-05-27 23:53:00 - TradeStrategy - DEBUG - update method call start
2024-05-27 23:53:00 - TradeData - DEBUG - addCandle method call start
2024-05-27 23:53:00 - TradeData - DEBUG - addCandle method call end
2024-05-27 23:53:00 - TradeStrategy - DEBUG - process method call start
2024-05-27 23:53:01 - TradeStrategy - DEBUG - process method call start
2024-05-27 23:53:01 - TradeStrategy - DEBUG - update method call end
2024-05-27 23:53:01 - LiveDataDownloader - DEBUG - notify method call end
2024-05-27 23:54:03 - LiveDataDownloader - DEBUG - new candle, notify subs
2024-05-27 23:54:03 - LiveDataDownloader - DEBUG - notify method call start
2024-05-27 23:54:03 - TradeStrategy - DEBUG - update method call start
2024-05-27 23:54:03 - TradeData - DEBUG - addCandle method call start
2024-05-27 23:54:03 - TradeData - DEBUG - addCandle method call end
2024-05-27 23:54:03 - TradeStrategy - DEBUG - process method call start
2024-05-27 23:54:04 - TradeStrategy - DEBUG - process method call start
2024-05-27 23:54:04 - TradeStrategy - DEBUG - update method call end
2024-05-27 23:54:04 - LiveDataDownloader - DEBUG - notify method call end
2024-05-27 23:55:03 - LiveDataDownloader - DEBUG - new candle, notify subs
2024-05-27 23:55:03 - LiveDataDownloader - DEBUG - notify method call start
2024-05-27 23:55:03 - TradeStrategy - DEBUG - update method call start
2024-05-27 23:55:03 - TradeData - DEBUG - addCandle method call start
2024-05-27 23:55:03 - TradeData - DEBUG - addCandle method call end
2024-05-27 23:55:03 - TradeStrategy - DEBUG - process method call start
2024-05-27 23:55:04 - TradeStrategy - DEBUG - process method call start
2024-05-27 23:55:04 - TradeStrategy - DEBUG - update method call end
2024-05-27 23:55:04 - LiveDataDownloader - DEBUG - notify method call end
2024-05-27 23:56:00 - LiveDataDownloader - DEBUG - new candle, notify subs
2024-05-27 23:56:00 - LiveDataDownloader - DEBUG - notify method call start
2024-05-27 23:56:00 - TradeStrategy - DEBUG - update method call start
2024-05-27 23:56:00 - TradeData - DEBUG - addCandle method call start
2024-05-27 23:56:00 - TradeData - DEBUG - addCandle method call end
2024-05-27 23:56:00 - TradeStrategy - DEBUG - process method call start
2024-05-27 23:56:01 - TradeStrategy - DEBUG - process method call start
2024-05-27 23:56:01 - TradeStrategy - DEBUG - update method call end
2024-05-27 23:56:01 - LiveDataDownloader - DEBUG - notify method call end
2024-05-27 23:57:01 - LiveDataDownloader - DEBUG - new candle, notify subs
2024-05-27 23:57:01 - LiveDataDownloader - DEBUG - notify method call start
2024-05-27 23:57:01 - TradeStrategy - DEBUG - update method call start
2024-05-27 23:57:01 - TradeData - DEBUG - addCandle method call start
2024-05-27 23:57:01 - TradeData - DEBUG - addCandle method call end
2024-05-27 23:57:01 - TradeStrategy - DEBUG - process method call start
2024-05-27 23:57:01 - TradeStrategy - DEBUG - process method call start
2024-05-27 23:57:01 - TradeStrategy - DEBUG - update method call end
2024-05-27 23:57:01 - LiveDataDownloader - DEBUG - notify method call end
2024-05-27 23:58:03 - LiveDataDownloader - DEBUG - new candle, notify subs
2024-05-27 23:58:03 - LiveDataDownloader - DEBUG - notify method call start
2024-05-27 23:58:03 - TradeStrategy - DEBUG - update method call start
2024-05-27 23:58:03 - TradeData - DEBUG - addCandle method call start
2024-05-27 23:58:03 - TradeData - DEBUG - addCandle method call end
2024-05-27 23:58:03 - TradeStrategy - DEBUG - process method call start
2024-05-27 23:58:04 - TradeStrategy - DEBUG - process method call start
2024-05-27 23:58:04 - TradeStrategy - DEBUG - update method call end
2024-05-27 23:58:04 - LiveDataDownloader - DEBUG - notify method call end
2024-05-27 23:59:03 - LiveDataDownloader - DEBUG - new candle, notify subs
2024-05-27 23:59:03 - LiveDataDownloader - DEBUG - notify method call start
2024-05-27 23:59:03 - TradeStrategy - DEBUG - update method call start
2024-05-27 23:59:03 - TradeData - DEBUG - addCandle method call start
2024-05-27 23:59:03 - TradeData - DEBUG - addCandle method call end
2024-05-27 23:59:03 - TradeStrategy - DEBUG - process method call start
2024-05-27 23:59:04 - TradeStrategy - DEBUG - process method call start
2024-05-27 23:59:04 - TradeStrategy - DEBUG - update method call end
2024-05-27 23:59:04 - LiveDataDownloader - DEBUG - notify method call end
2024-05-28 00:00:03 - LiveDataDownloader - DEBUG - new candle, notify subs
2024-05-28 00:00:03 - LiveDataDownloader - DEBUG - notify method call start
2024-05-28 00:00:03 - TradeStrategy - DEBUG - update method call start
2024-05-28 00:00:03 - TradeData - DEBUG - addCandle method call start
2024-05-28 00:00:03 - TradeData - DEBUG - addCandle method call end
2024-05-28 00:00:03 - TradeStrategy - DEBUG - process method call start
2024-05-28 00:00:04 - TradeStrategy - DEBUG - process method call start
2024-05-28 00:00:04 - TradeStrategy - DEBUG - update method call end
2024-05-28 00:00:04 - LiveDataDownloader - DEBUG - notify method call end
2024-05-28 00:01:03 - LiveDataDownloader - DEBUG - new candle, notify subs
2024-05-28 00:01:03 - LiveDataDownloader - DEBUG - notify method call start
2024-05-28 00:01:03 - TradeStrategy - DEBUG - update method call start
2024-05-28 00:01:03 - TradeData - DEBUG - addCandle method call start
2024-05-28 00:01:03 - TradeData - DEBUG - addCandle method call end
2024-05-28 00:01:03 - TradeStrategy - DEBUG - process method call start
2024-05-28 00:01:04 - TradeStrategy - DEBUG - process method call start
2024-05-28 00:01:04 - TradeStrategy - DEBUG - update method call end
2024-05-28 00:01:04 - LiveDataDownloader - DEBUG - notify method call end
2024-05-28 00:02:01 - LiveDataDownloader - DEBUG - new candle, notify subs
2024-05-28 00:02:01 - LiveDataDownloader - DEBUG - notify method call start
2024-05-28 00:02:01 - TradeStrategy - DEBUG - update method call start
2024-05-28 00:02:01 - TradeData - DEBUG - addCandle method call start
2024-05-28 00:02:01 - TradeData - DEBUG - addCandle method call end
2024-05-28 00:02:01 - TradeStrategy - DEBUG - process method call start
2024-05-28 00:02:02 - TradeStrategy - DEBUG - process method call start
2024-05-28 00:02:02 - TradeStrategy - DEBUG - update method call end
2024-05-28 00:02:02 - LiveDataDownloader - DEBUG - notify method call end
2024-05-28 00:03:03 - LiveDataDownloader - DEBUG - new candle, notify subs
2024-05-28 00:03:03 - LiveDataDownloader - DEBUG - notify method call start
2024-05-28 00:03:03 - TradeStrategy - DEBUG - update method call start
2024-05-28 00:03:03 - TradeData - DEBUG - addCandle method call start
2024-05-28 00:03:03 - TradeData - DEBUG - addCandle method call end
2024-05-28 00:03:03 - TradeStrategy - DEBUG - process method call start
2024-05-28 00:03:04 - TradeStrategy - DEBUG - process method call start
2024-05-28 00:03:04 - TradeStrategy - DEBUG - update method call end
2024-05-28 00:03:04 - LiveDataDownloader - DEBUG - notify method call end
2024-05-28 00:04:01 - LiveDataDownloader - DEBUG - new candle, notify subs
2024-05-28 00:04:02 - LiveDataDownloader - DEBUG - notify method call start
2024-05-28 00:04:02 - TradeStrategy - DEBUG - update method call start
2024-05-28 00:04:02 - TradeData - DEBUG - addCandle method call start
2024-05-28 00:04:02 - TradeData - DEBUG - addCandle method call end
2024-05-28 00:04:02 - TradeStrategy - DEBUG - process method call start
2024-05-28 00:04:02 - TradeStrategy - DEBUG - process method call start
2024-05-28 00:04:02 - TradeStrategy - DEBUG - update method call end
2024-05-28 00:04:02 - LiveDataDownloader - DEBUG - notify method call end
2024-05-28 00:05:03 - LiveDataDownloader - DEBUG - new candle, notify subs
2024-05-28 00:05:03 - LiveDataDownloader - DEBUG - notify method call start
2024-05-28 00:05:03 - TradeStrategy - DEBUG - update method call start
2024-05-28 00:05:03 - TradeData - DEBUG - addCandle method call start
2024-05-28 00:05:03 - TradeData - DEBUG - addCandle method call end
2024-05-28 00:05:03 - TradeStrategy - DEBUG - process method call start
2024-05-28 00:05:04 - TradeStrategy - DEBUG - process method call start
2024-05-28 00:05:04 - TradeStrategy - DEBUG - update method call end
2024-05-28 00:05:04 - LiveDataDownloader - DEBUG - notify method call end
2024-05-28 00:06:01 - LiveDataDownloader - DEBUG - new candle, notify subs
2024-05-28 00:06:01 - LiveDataDownloader - DEBUG - notify method call start
2024-05-28 00:06:02 - TradeStrategy - DEBUG - update method call start
2024-05-28 00:06:02 - TradeData - DEBUG - addCandle method call start
2024-05-28 00:06:02 - TradeData - DEBUG - addCandle method call end
2024-05-28 00:06:02 - TradeStrategy - DEBUG - process method call start
2024-05-28 00:06:02 - TradeStrategy - DEBUG - process method call start
2024-05-28 00:06:02 - TradeStrategy - DEBUG - update method call end
2024-05-28 00:06:02 - LiveDataDownloader - DEBUG - notify method call end
2024-05-28 00:07:03 - LiveDataDownloader - DEBUG - new candle, notify subs
2024-05-28 00:07:03 - LiveDataDownloader - DEBUG - notify method call start
2024-05-28 00:07:03 - TradeStrategy - DEBUG - update method call start
2024-05-28 00:07:03 - TradeData - DEBUG - addCandle method call start
2024-05-28 00:07:03 - TradeData - DEBUG - addCandle method call end
2024-05-28 00:07:03 - TradeStrategy - DEBUG - process method call start
2024-05-28 00:07:03 - TradeStrategy - DEBUG - process method call start
2024-05-28 00:07:03 - TradeStrategy - DEBUG - update method call end
2024-05-28 00:07:03 - LiveDataDownloader - DEBUG - notify method call end
2024-05-28 00:08:03 - LiveDataDownloader - DEBUG - new candle, notify subs
2024-05-28 00:08:03 - LiveDataDownloader - DEBUG - notify method call start
2024-05-28 00:08:03 - TradeStrategy - DEBUG - update method call start
2024-05-28 00:08:03 - TradeData - DEBUG - addCandle method call start
2024-05-28 00:08:03 - TradeData - DEBUG - addCandle method call end
2024-05-28 00:08:03 - TradeStrategy - DEBUG - process method call start
2024-05-28 00:08:04 - TradeStrategy - DEBUG - process method call start
2024-05-28 00:08:04 - TradeStrategy - DEBUG - update method call end
2024-05-28 00:08:04 - LiveDataDownloader - DEBUG - notify method call end
2024-05-28 00:09:03 - LiveDataDownloader - DEBUG - new candle, notify subs
2024-05-28 00:09:03 - LiveDataDownloader - DEBUG - notify method call start
2024-05-28 00:09:03 - TradeStrategy - DEBUG - update method call start
2024-05-28 00:09:03 - TradeData - DEBUG - addCandle method call start
2024-05-28 00:09:03 - TradeData - DEBUG - addCandle method call end
2024-05-28 00:09:03 - TradeStrategy - DEBUG - process method call start
2024-05-28 00:09:04 - TradeStrategy - DEBUG - process method call start
2024-05-28 00:09:04 - TradeStrategy - DEBUG - update method call end
2024-05-28 00:09:04 - LiveDataDownloader - DEBUG - notify method call end
2024-05-28 00:10:01 - LiveDataDownloader - DEBUG - new candle, notify subs
2024-05-28 00:10:01 - LiveDataDownloader - DEBUG - notify method call start
2024-05-28 00:10:01 - TradeStrategy - DEBUG - update method call start
2024-05-28 00:10:01 - TradeData - DEBUG - addCandle method call start
2024-05-28 00:10:01 - TradeData - DEBUG - addCandle method call end
2024-05-28 00:10:01 - TradeStrategy - DEBUG - process method call start
2024-05-28 00:10:01 - TradeStrategy - DEBUG - process method call start
2024-05-28 00:10:01 - TradeStrategy - DEBUG - update method call end
2024-05-28 00:10:01 - LiveDataDownloader - DEBUG - notify method call end
2024-05-28 00:11:03 - LiveDataDownloader - DEBUG - new candle, notify subs
2024-05-28 00:11:03 - LiveDataDownloader - DEBUG - notify method call start
2024-05-28 00:11:03 - TradeStrategy - DEBUG - update method call start
2024-05-28 00:11:03 - TradeData - DEBUG - addCandle method call start
2024-05-28 00:11:03 - TradeData - DEBUG - addCandle method call end
2024-05-28 00:11:03 - TradeStrategy - DEBUG - process method call start
2024-05-28 00:11:04 - TradeStrategy - DEBUG - process method call start
2024-05-28 00:11:04 - TradeStrategy - DEBUG - update method call end
2024-05-28 00:11:04 - LiveDataDownloader - DEBUG - notify method call end
2024-05-28 00:12:04 - LiveDataDownloader - DEBUG - new candle, notify subs
2024-05-28 00:12:04 - LiveDataDownloader - DEBUG - notify method call start
2024-05-28 00:12:04 - TradeStrategy - DEBUG - update method call start
2024-05-28 00:12:04 - TradeData - DEBUG - addCandle method call start
2024-05-28 00:12:04 - TradeData - DEBUG - addCandle method call end
2024-05-28 00:12:04 - TradeStrategy - DEBUG - process method call start
2024-05-28 00:12:05 - TradeStrategy - DEBUG - process method call start
2024-05-28 00:12:05 - TradeStrategy - DEBUG - update method call end
2024-05-28 00:12:05 - LiveDataDownloader - DEBUG - notify method call end
2024-05-28 00:13:03 - LiveDataDownloader - DEBUG - new candle, notify subs
2024-05-28 00:13:03 - LiveDataDownloader - DEBUG - notify method call start
2024-05-28 00:13:03 - TradeStrategy - DEBUG - update method call start
2024-05-28 00:13:03 - TradeData - DEBUG - addCandle method call start
2024-05-28 00:13:03 - TradeData - DEBUG - addCandle method call end
2024-05-28 00:13:03 - TradeStrategy - DEBUG - process method call start
2024-05-28 00:13:04 - TradeStrategy - DEBUG - process method call start
2024-05-28 00:13:04 - TradeStrategy - DEBUG - update method call end
2024-05-28 00:13:04 - LiveDataDownloader - DEBUG - notify method call end
2024-05-28 00:14:03 - LiveDataDownloader - DEBUG - new candle, notify subs
2024-05-28 00:14:03 - LiveDataDownloader - DEBUG - notify method call start
2024-05-28 00:14:03 - TradeStrategy - DEBUG - update method call start
2024-05-28 00:14:03 - TradeData - DEBUG - addCandle method call start
2024-05-28 00:14:03 - TradeData - DEBUG - addCandle method call end
2024-05-28 00:14:03 - TradeStrategy - DEBUG - process method call start
2024-05-28 00:14:04 - TradeStrategy - DEBUG - process method call start
2024-05-28 00:14:04 - TradeStrategy - DEBUG - update method call end
2024-05-28 00:14:04 - LiveDataDownloader - DEBUG - notify method call end
2024-05-28 00:15:03 - LiveDataDownloader - DEBUG - new candle, notify subs
2024-05-28 00:15:03 - LiveDataDownloader - DEBUG - notify method call start
2024-05-28 00:15:03 - TradeStrategy - DEBUG - update method call start
2024-05-28 00:15:03 - TradeData - DEBUG - addCandle method call start
2024-05-28 00:15:03 - TradeData - DEBUG - addCandle method call end
2024-05-28 00:15:03 - TradeStrategy - DEBUG - process method call start
2024-05-28 00:15:04 - TradeStrategy - DEBUG - process method call start
2024-05-28 00:15:04 - TradeStrategy - DEBUG - update method call end
2024-05-28 00:15:04 - LiveDataDownloader - DEBUG - notify method call end
2024-05-28 00:16:01 - LiveDataDownloader - DEBUG - new candle, notify subs
2024-05-28 00:16:01 - LiveDataDownloader - DEBUG - notify method call start
2024-05-28 00:16:01 - TradeStrategy - DEBUG - update method call start
2024-05-28 00:16:01 - TradeData - DEBUG - addCandle method call start
2024-05-28 00:16:01 - TradeData - DEBUG - addCandle method call end
2024-05-28 00:16:01 - TradeStrategy - DEBUG - process method call start
2024-05-28 00:16:02 - TradeStrategy - DEBUG - process method call start
2024-05-28 00:16:02 - TradeStrategy - DEBUG - update method call end
2024-05-28 00:16:02 - LiveDataDownloader - DEBUG - notify method call end
2024-05-28 00:17:02 - LiveDataDownloader - DEBUG - new candle, notify subs
2024-05-28 00:17:02 - LiveDataDownloader - DEBUG - notify method call start
2024-05-28 00:17:02 - TradeStrategy - DEBUG - update method call start
2024-05-28 00:17:02 - TradeData - DEBUG - addCandle method call start
2024-05-28 00:17:02 - TradeData - DEBUG - addCandle method call end
2024-05-28 00:17:02 - TradeStrategy - DEBUG - process method call start
2024-05-28 00:17:03 - TradeStrategy - DEBUG - process method call start
2024-05-28 00:17:03 - TradeStrategy - DEBUG - update method call end
2024-05-28 00:17:03 - LiveDataDownloader - DEBUG - notify method call end
2024-05-28 00:18:03 - LiveDataDownloader - DEBUG - new candle, notify subs
2024-05-28 00:18:03 - LiveDataDownloader - DEBUG - notify method call start
2024-05-28 00:18:03 - TradeStrategy - DEBUG - update method call start
2024-05-28 00:18:03 - TradeData - DEBUG - addCandle method call start
2024-05-28 00:18:03 - TradeData - DEBUG - addCandle method call end
2024-05-28 00:18:03 - TradeStrategy - DEBUG - process method call start
2024-05-28 00:18:04 - TradeStrategy - DEBUG - process method call start
2024-05-28 00:18:04 - TradeStrategy - DEBUG - update method call end
2024-05-28 00:18:04 - LiveDataDownloader - DEBUG - notify method call end
2024-05-28 00:19:03 - LiveDataDownloader - DEBUG - new candle, notify subs
2024-05-28 00:19:03 - LiveDataDownloader - DEBUG - notify method call start
2024-05-28 00:19:03 - TradeStrategy - DEBUG - update method call start
2024-05-28 00:19:03 - TradeData - DEBUG - addCandle method call start
2024-05-28 00:19:03 - TradeData - DEBUG - addCandle method call end
2024-05-28 00:19:03 - TradeStrategy - DEBUG - process method call start
2024-05-28 00:19:04 - TradeStrategy - DEBUG - process method call start
2024-05-28 00:19:04 - TradeStrategy - DEBUG - update method call end
2024-05-28 00:19:04 - LiveDataDownloader - DEBUG - notify method call end
2024-05-28 00:20:03 - LiveDataDownloader - DEBUG - new candle, notify subs
2024-05-28 00:20:03 - LiveDataDownloader - DEBUG - notify method call start
2024-05-28 00:20:03 - TradeStrategy - DEBUG - update method call start
2024-05-28 00:20:03 - TradeData - DEBUG - addCandle method call start
2024-05-28 00:20:03 - TradeData - DEBUG - addCandle method call end
2024-05-28 00:20:03 - TradeStrategy - DEBUG - process method call start
2024-05-28 00:20:04 - TradeStrategy - DEBUG - process method call start
2024-05-28 00:20:04 - TradeStrategy - DEBUG - update method call end
2024-05-28 00:20:04 - LiveDataDownloader - DEBUG - notify method call end
2024-05-28 00:21:03 - LiveDataDownloader - DEBUG - new candle, notify subs
2024-05-28 00:21:03 - LiveDataDownloader - DEBUG - notify method call start
2024-05-28 00:21:03 - TradeStrategy - DEBUG - update method call start
2024-05-28 00:21:03 - TradeData - DEBUG - addCandle method call start
2024-05-28 00:21:03 - TradeData - DEBUG - addCandle method call end
2024-05-28 00:21:03 - TradeStrategy - DEBUG - process method call start
2024-05-28 00:21:04 - TradeStrategy - DEBUG - process method call start
2024-05-28 00:21:04 - TradeStrategy - DEBUG - update method call end
2024-05-28 00:21:04 - LiveDataDownloader - DEBUG - notify method call end
2024-05-28 00:22:01 - LiveDataDownloader - DEBUG - new candle, notify subs
2024-05-28 00:22:01 - LiveDataDownloader - DEBUG - notify method call start
2024-05-28 00:22:01 - TradeStrategy - DEBUG - update method call start
2024-05-28 00:22:01 - TradeData - DEBUG - addCandle method call start
2024-05-28 00:22:01 - TradeData - DEBUG - addCandle method call end
2024-05-28 00:22:01 - TradeStrategy - DEBUG - process method call start
2024-05-28 00:22:02 - TradeStrategy - DEBUG - process method call start
2024-05-28 00:22:02 - TradeStrategy - DEBUG - update method call end
2024-05-28 00:22:02 - LiveDataDownloader - DEBUG - notify method call end
2024-05-28 00:23:03 - LiveDataDownloader - DEBUG - new candle, notify subs
2024-05-28 00:23:03 - LiveDataDownloader - DEBUG - notify method call start
2024-05-28 00:23:03 - TradeStrategy - DEBUG - update method call start
2024-05-28 00:23:03 - TradeData - DEBUG - addCandle method call start
2024-05-28 00:23:03 - TradeData - DEBUG - addCandle method call end
2024-05-28 00:23:03 - TradeStrategy - DEBUG - process method call start
2024-05-28 00:23:04 - TradeStrategy - DEBUG - process method call start
2024-05-28 00:23:04 - TradeStrategy - DEBUG - update method call end
2024-05-28 00:23:04 - LiveDataDownloader - DEBUG - notify method call end
2024-05-28 00:24:03 - LiveDataDownloader - DEBUG - new candle, notify subs
2024-05-28 00:24:03 - LiveDataDownloader - DEBUG - notify method call start
2024-05-28 00:24:03 - TradeStrategy - DEBUG - update method call start
2024-05-28 00:24:03 - TradeData - DEBUG - addCandle method call start
2024-05-28 00:24:03 - TradeData - DEBUG - addCandle method call end
2024-05-28 00:24:03 - TradeStrategy - DEBUG - process method call start
2024-05-28 00:24:04 - TradeStrategy - DEBUG - process method call start
2024-05-28 00:24:04 - TradeStrategy - DEBUG - update method call end
2024-05-28 00:24:04 - LiveDataDownloader - DEBUG - notify method call end
2024-05-28 00:25:03 - LiveDataDownloader - DEBUG - new candle, notify subs
2024-05-28 00:25:03 - LiveDataDownloader - DEBUG - notify method call start
2024-05-28 00:25:03 - TradeStrategy - DEBUG - update method call start
2024-05-28 00:25:03 - TradeData - DEBUG - addCandle method call start
2024-05-28 00:25:03 - TradeData - DEBUG - addCandle method call end
2024-05-28 00:25:03 - TradeStrategy - DEBUG - process method call start
2024-05-28 00:25:04 - TradeStrategy - DEBUG - process method call start
2024-05-28 00:25:04 - TradeStrategy - DEBUG - update method call end
2024-05-28 00:25:04 - LiveDataDownloader - DEBUG - notify method call end
2024-05-28 00:26:03 - LiveDataDownloader - DEBUG - new candle, notify subs
2024-05-28 00:26:03 - LiveDataDownloader - DEBUG - notify method call start
2024-05-28 00:26:03 - TradeStrategy - DEBUG - update method call start
2024-05-28 00:26:03 - TradeData - DEBUG - addCandle method call start
2024-05-28 00:26:03 - TradeData - DEBUG - addCandle method call end
2024-05-28 00:26:03 - TradeStrategy - DEBUG - process method call start
2024-05-28 00:26:04 - TradeStrategy - DEBUG - process method call start
2024-05-28 00:26:04 - TradeStrategy - DEBUG - update method call end
2024-05-28 00:26:04 - LiveDataDownloader - DEBUG - notify method call end
2024-05-28 00:27:03 - LiveDataDownloader - DEBUG - new candle, notify subs
2024-05-28 00:27:03 - LiveDataDownloader - DEBUG - notify method call start
2024-05-28 00:27:03 - TradeStrategy - DEBUG - update method call start
2024-05-28 00:27:03 - TradeData - DEBUG - addCandle method call start
2024-05-28 00:27:03 - TradeData - DEBUG - addCandle method call end
2024-05-28 00:27:03 - TradeStrategy - DEBUG - process method call start
2024-05-28 00:27:04 - TradeStrategy - DEBUG - process method call start
2024-05-28 00:27:04 - TradeStrategy - DEBUG - update method call end
2024-05-28 00:27:04 - LiveDataDownloader - DEBUG - notify method call end
2024-05-28 00:28:03 - LiveDataDownloader - DEBUG - new candle, notify subs
2024-05-28 00:28:03 - LiveDataDownloader - DEBUG - notify method call start
2024-05-28 00:28:03 - TradeStrategy - DEBUG - update method call start
2024-05-28 00:28:03 - TradeData - DEBUG - addCandle method call start
2024-05-28 00:28:03 - TradeData - DEBUG - addCandle method call end
2024-05-28 00:28:03 - TradeStrategy - DEBUG - process method call start
2024-05-28 00:28:04 - TradeStrategy - DEBUG - process method call start
2024-05-28 00:28:04 - TradeStrategy - DEBUG - update method call end
2024-05-28 00:28:04 - LiveDataDownloader - DEBUG - notify method call end
2024-05-28 00:29:03 - LiveDataDownloader - DEBUG - new candle, notify subs
2024-05-28 00:29:03 - LiveDataDownloader - DEBUG - notify method call start
2024-05-28 00:29:03 - TradeStrategy - DEBUG - update method call start
2024-05-28 00:29:03 - TradeData - DEBUG - addCandle method call start
2024-05-28 00:29:03 - TradeData - DEBUG - addCandle method call end
2024-05-28 00:29:03 - TradeStrategy - DEBUG - process method call start
2024-05-28 00:29:04 - TradeStrategy - DEBUG - process method call start
2024-05-28 00:29:04 - TradeStrategy - DEBUG - update method call end
2024-05-28 00:29:04 - LiveDataDownloader - DEBUG - notify method call end
2024-05-28 00:30:01 - LiveDataDownloader - DEBUG - new candle, notify subs
2024-05-28 00:30:01 - LiveDataDownloader - DEBUG - notify method call start
2024-05-28 00:30:01 - TradeStrategy - DEBUG - update method call start
2024-05-28 00:30:01 - TradeData - DEBUG - addCandle method call start
2024-05-28 00:30:01 - TradeData - DEBUG - addCandle method call end
2024-05-28 00:30:01 - TradeStrategy - DEBUG - process method call start
2024-05-28 00:30:02 - TradeStrategy - DEBUG - process method call start
2024-05-28 00:30:02 - TradeStrategy - DEBUG - update method call end
2024-05-28 00:30:02 - LiveDataDownloader - DEBUG - notify method call end
2024-05-28 00:31:03 - LiveDataDownloader - DEBUG - new candle, notify subs
2024-05-28 00:31:03 - LiveDataDownloader - DEBUG - notify method call start
2024-05-28 00:31:03 - TradeStrategy - DEBUG - update method call start
2024-05-28 00:31:03 - TradeData - DEBUG - addCandle method call start
2024-05-28 00:31:03 - TradeData - DEBUG - addCandle method call end
2024-05-28 00:31:03 - TradeStrategy - DEBUG - process method call start
2024-05-28 00:31:04 - TradeStrategy - DEBUG - process method call start
2024-05-28 00:31:04 - TradeStrategy - DEBUG - update method call end
2024-05-28 00:31:04 - LiveDataDownloader - DEBUG - notify method call end
2024-05-28 00:32:03 - LiveDataDownloader - DEBUG - new candle, notify subs
2024-05-28 00:32:03 - LiveDataDownloader - DEBUG - notify method call start
2024-05-28 00:32:03 - TradeStrategy - DEBUG - update method call start
2024-05-28 00:32:03 - TradeData - DEBUG - addCandle method call start
2024-05-28 00:32:03 - TradeData - DEBUG - addCandle method call end
2024-05-28 00:32:03 - TradeStrategy - DEBUG - process method call start
2024-05-28 00:32:04 - TradeStrategy - DEBUG - process method call start
2024-05-28 00:32:04 - TradeStrategy - DEBUG - update method call end
2024-05-28 00:32:04 - LiveDataDownloader - DEBUG - notify method call end
2024-05-28 00:33:03 - LiveDataDownloader - DEBUG - new candle, notify subs
2024-05-28 00:33:03 - LiveDataDownloader - DEBUG - notify method call start
2024-05-28 00:33:03 - TradeStrategy - DEBUG - update method call start
2024-05-28 00:33:03 - TradeData - DEBUG - addCandle method call start
2024-05-28 00:33:03 - TradeData - DEBUG - addCandle method call end
2024-05-28 00:33:03 - TradeStrategy - DEBUG - process method call start
2024-05-28 00:33:04 - TradeStrategy - DEBUG - process method call start
2024-05-28 00:33:04 - TradeStrategy - DEBUG - update method call end
2024-05-28 00:33:04 - LiveDataDownloader - DEBUG - notify method call end
2024-05-28 00:34:03 - LiveDataDownloader - DEBUG - new candle, notify subs
2024-05-28 00:34:03 - LiveDataDownloader - DEBUG - notify method call start
2024-05-28 00:34:03 - TradeStrategy - DEBUG - update method call start
2024-05-28 00:34:03 - TradeData - DEBUG - addCandle method call start
2024-05-28 00:34:03 - TradeData - DEBUG - addCandle method call end
2024-05-28 00:34:03 - TradeStrategy - DEBUG - process method call start
2024-05-28 00:34:04 - TradeStrategy - DEBUG - process method call start
2024-05-28 00:34:04 - TradeStrategy - DEBUG - update method call end
2024-05-28 00:34:04 - LiveDataDownloader - DEBUG - notify method call end
2024-05-28 00:35:03 - LiveDataDownloader - DEBUG - new candle, notify subs
2024-05-28 00:35:03 - LiveDataDownloader - DEBUG - notify method call start
2024-05-28 00:35:03 - TradeStrategy - DEBUG - update method call start
2024-05-28 00:35:03 - TradeData - DEBUG - addCandle method call start
2024-05-28 00:35:03 - TradeData - DEBUG - addCandle method call end
2024-05-28 00:35:03 - TradeStrategy - DEBUG - process method call start
2024-05-28 00:35:04 - TradeStrategy - DEBUG - process method call start
2024-05-28 00:35:04 - TradeStrategy - DEBUG - update method call end
2024-05-28 00:35:04 - LiveDataDownloader - DEBUG - notify method call end
2024-05-28 00:36:04 - LiveDataDownloader - DEBUG - new candle, notify subs
2024-05-28 00:36:04 - LiveDataDownloader - DEBUG - notify method call start
2024-05-28 00:36:04 - TradeStrategy - DEBUG - update method call start
2024-05-28 00:36:04 - TradeData - DEBUG - addCandle method call start
2024-05-28 00:36:04 - TradeData - DEBUG - addCandle method call end
2024-05-28 00:36:04 - TradeStrategy - DEBUG - process method call start
2024-05-28 00:36:05 - TradeStrategy - DEBUG - process method call start
2024-05-28 00:36:05 - TradeStrategy - DEBUG - update method call end
2024-05-28 00:36:05 - LiveDataDownloader - DEBUG - notify method call end
2024-05-28 00:37:03 - LiveDataDownloader - DEBUG - new candle, notify subs
2024-05-28 00:37:03 - LiveDataDownloader - DEBUG - notify method call start
2024-05-28 00:37:03 - TradeStrategy - DEBUG - update method call start
2024-05-28 00:37:03 - TradeData - DEBUG - addCandle method call start
2024-05-28 00:37:03 - TradeData - DEBUG - addCandle method call end
2024-05-28 00:37:03 - TradeStrategy - DEBUG - process method call start
2024-05-28 00:37:04 - TradeStrategy - DEBUG - process method call start
2024-05-28 00:37:04 - TradeStrategy - DEBUG - update method call end
2024-05-28 00:37:04 - LiveDataDownloader - DEBUG - notify method call end
2024-05-28 00:38:02 - LiveDataDownloader - DEBUG - new candle, notify subs
2024-05-28 00:38:02 - LiveDataDownloader - DEBUG - notify method call start
2024-05-28 00:38:02 - TradeStrategy - DEBUG - update method call start
2024-05-28 00:38:02 - TradeData - DEBUG - addCandle method call start
2024-05-28 00:38:03 - TradeData - DEBUG - addCandle method call end
2024-05-28 00:38:03 - TradeStrategy - DEBUG - process method call start
2024-05-28 00:38:04 - TradeStrategy - DEBUG - process method call start
2024-05-28 00:38:04 - TradeStrategy - DEBUG - update method call end
2024-05-28 00:38:04 - LiveDataDownloader - DEBUG - notify method call end
2024-05-28 00:39:03 - LiveDataDownloader - DEBUG - new candle, notify subs
2024-05-28 00:39:03 - LiveDataDownloader - DEBUG - notify method call start
2024-05-28 00:39:03 - TradeStrategy - DEBUG - update method call start
2024-05-28 00:39:03 - TradeData - DEBUG - addCandle method call start
2024-05-28 00:39:03 - TradeData - DEBUG - addCandle method call end
2024-05-28 00:39:03 - TradeStrategy - DEBUG - process method call start
2024-05-28 00:39:04 - TradeStrategy - DEBUG - process method call start
2024-05-28 00:39:04 - TradeStrategy - DEBUG - update method call end
2024-05-28 00:39:04 - LiveDataDownloader - DEBUG - notify method call end
2024-05-28 00:40:01 - LiveDataDownloader - DEBUG - new candle, notify subs
2024-05-28 00:40:01 - LiveDataDownloader - DEBUG - notify method call start
2024-05-28 00:40:01 - TradeStrategy - DEBUG - update method call start
2024-05-28 00:40:01 - TradeData - DEBUG - addCandle method call start
2024-05-28 00:40:01 - TradeData - DEBUG - addCandle method call end
2024-05-28 00:40:01 - TradeStrategy - DEBUG - process method call start
2024-05-28 00:40:02 - TradeStrategy - DEBUG - process method call start
2024-05-28 00:40:02 - TradeStrategy - DEBUG - update method call end
2024-05-28 00:40:02 - LiveDataDownloader - DEBUG - notify method call end
2024-05-28 00:41:03 - LiveDataDownloader - DEBUG - new candle, notify subs
2024-05-28 00:41:03 - LiveDataDownloader - DEBUG - notify method call start
2024-05-28 00:41:03 - TradeStrategy - DEBUG - update method call start
2024-05-28 00:41:03 - TradeData - DEBUG - addCandle method call start
2024-05-28 00:41:03 - TradeData - DEBUG - addCandle method call end
2024-05-28 00:41:03 - TradeStrategy - DEBUG - process method call start
2024-05-28 00:41:04 - TradeStrategy - DEBUG - process method call start
2024-05-28 00:41:04 - TradeStrategy - DEBUG - update method call end
2024-05-28 00:41:04 - LiveDataDownloader - DEBUG - notify method call end
2024-05-28 00:42:03 - LiveDataDownloader - DEBUG - new candle, notify subs
2024-05-28 00:42:03 - LiveDataDownloader - DEBUG - notify method call start
2024-05-28 00:42:03 - TradeStrategy - DEBUG - update method call start
2024-05-28 00:42:03 - TradeData - DEBUG - addCandle method call start
2024-05-28 00:42:03 - TradeData - DEBUG - addCandle method call end
2024-05-28 00:42:03 - TradeStrategy - DEBUG - process method call start
2024-05-28 00:42:04 - TradeStrategy - DEBUG - process method call start
2024-05-28 00:42:04 - TradeStrategy - DEBUG - update method call end
2024-05-28 00:42:04 - LiveDataDownloader - DEBUG - notify method call end
2024-05-28 00:43:03 - LiveDataDownloader - DEBUG - new candle, notify subs
2024-05-28 00:43:03 - LiveDataDownloader - DEBUG - notify method call start
2024-05-28 00:43:03 - TradeStrategy - DEBUG - update method call start
2024-05-28 00:43:03 - TradeData - DEBUG - addCandle method call start
2024-05-28 00:43:03 - TradeData - DEBUG - addCandle method call end
2024-05-28 00:43:03 - TradeStrategy - DEBUG - process method call start
2024-05-28 00:43:04 - TradeStrategy - DEBUG - process method call start
2024-05-28 00:43:04 - TradeStrategy - DEBUG - update method call end
2024-05-28 00:43:04 - LiveDataDownloader - DEBUG - notify method call end
2024-05-28 00:44:03 - LiveDataDownloader - DEBUG - new candle, notify subs
2024-05-28 00:44:03 - LiveDataDownloader - DEBUG - notify method call start
2024-05-28 00:44:03 - TradeStrategy - DEBUG - update method call start
2024-05-28 00:44:03 - TradeData - DEBUG - addCandle method call start
2024-05-28 00:44:03 - TradeData - DEBUG - addCandle method call end
2024-05-28 00:44:03 - TradeStrategy - DEBUG - process method call start
2024-05-28 00:44:04 - TradeStrategy - DEBUG - process method call start
2024-05-28 00:44:04 - TradeStrategy - DEBUG - update method call end
2024-05-28 00:44:04 - LiveDataDownloader - DEBUG - notify method call end
2024-05-28 00:45:03 - LiveDataDownloader - DEBUG - new candle, notify subs
2024-05-28 00:45:03 - LiveDataDownloader - DEBUG - notify method call start
2024-05-28 00:45:03 - TradeStrategy - DEBUG - update method call start
2024-05-28 00:45:03 - TradeData - DEBUG - addCandle method call start
2024-05-28 00:45:03 - TradeData - DEBUG - addCandle method call end
2024-05-28 00:45:03 - TradeStrategy - DEBUG - process method call start
2024-05-28 00:45:04 - TradeStrategy - DEBUG - process method call start
2024-05-28 00:45:04 - TradeStrategy - DEBUG - update method call end
2024-05-28 00:45:04 - LiveDataDownloader - DEBUG - notify method call end
2024-05-28 00:46:03 - LiveDataDownloader - DEBUG - new candle, notify subs
2024-05-28 00:46:03 - LiveDataDownloader - DEBUG - notify method call start
2024-05-28 00:46:03 - TradeStrategy - DEBUG - update method call start
2024-05-28 00:46:03 - TradeData - DEBUG - addCandle method call start
2024-05-28 00:46:03 - TradeData - DEBUG - addCandle method call end
2024-05-28 00:46:03 - TradeStrategy - DEBUG - process method call start
2024-05-28 00:46:04 - TradeStrategy - DEBUG - process method call start
2024-05-28 00:46:04 - TradeStrategy - DEBUG - update method call end
2024-05-28 00:46:04 - LiveDataDownloader - DEBUG - notify method call end
2024-05-28 00:47:03 - LiveDataDownloader - DEBUG - new candle, notify subs
2024-05-28 00:47:03 - LiveDataDownloader - DEBUG - notify method call start
2024-05-28 00:47:03 - TradeStrategy - DEBUG - update method call start
2024-05-28 00:47:03 - TradeData - DEBUG - addCandle method call start
2024-05-28 00:47:03 - TradeData - DEBUG - addCandle method call end
2024-05-28 00:47:03 - TradeStrategy - DEBUG - process method call start
2024-05-28 00:47:04 - TradeStrategy - DEBUG - process method call start
2024-05-28 00:47:04 - TradeStrategy - DEBUG - update method call end
2024-05-28 00:47:04 - LiveDataDownloader - DEBUG - notify method call end
2024-05-28 00:48:03 - LiveDataDownloader - DEBUG - new candle, notify subs
2024-05-28 00:48:03 - LiveDataDownloader - DEBUG - notify method call start
2024-05-28 00:48:03 - TradeStrategy - DEBUG - update method call start
2024-05-28 00:48:03 - TradeData - DEBUG - addCandle method call start
2024-05-28 00:48:03 - TradeData - DEBUG - addCandle method call end
2024-05-28 00:48:03 - TradeStrategy - DEBUG - process method call start
2024-05-28 00:48:04 - TradeStrategy - DEBUG - process method call start
2024-05-28 00:48:04 - TradeStrategy - DEBUG - update method call end
2024-05-28 00:48:04 - LiveDataDownloader - DEBUG - notify method call end
2024-05-28 00:49:03 - LiveDataDownloader - DEBUG - new candle, notify subs
2024-05-28 00:49:03 - LiveDataDownloader - DEBUG - notify method call start
2024-05-28 00:49:03 - TradeStrategy - DEBUG - update method call start
2024-05-28 00:49:03 - TradeData - DEBUG - addCandle method call start
2024-05-28 00:49:03 - TradeData - DEBUG - addCandle method call end
2024-05-28 00:49:03 - TradeStrategy - DEBUG - process method call start
2024-05-28 00:49:04 - TradeStrategy - DEBUG - process method call start
2024-05-28 00:49:04 - TradeStrategy - DEBUG - update method call end
2024-05-28 00:49:04 - LiveDataDownloader - DEBUG - notify method call end
2024-05-28 00:50:03 - LiveDataDownloader - DEBUG - new candle, notify subs
2024-05-28 00:50:03 - LiveDataDownloader - DEBUG - notify method call start
2024-05-28 00:50:03 - TradeStrategy - DEBUG - update method call start
2024-05-28 00:50:03 - TradeData - DEBUG - addCandle method call start
2024-05-28 00:50:03 - TradeData - DEBUG - addCandle method call end
2024-05-28 00:50:03 - TradeStrategy - DEBUG - process method call start
2024-05-28 00:50:04 - TradeStrategy - DEBUG - process method call start
2024-05-28 00:50:04 - TradeStrategy - DEBUG - update method call end
2024-05-28 00:50:04 - LiveDataDownloader - DEBUG - notify method call end
2024-05-28 00:51:03 - LiveDataDownloader - DEBUG - new candle, notify subs
2024-05-28 00:51:03 - LiveDataDownloader - DEBUG - notify method call start
2024-05-28 00:51:03 - TradeStrategy - DEBUG - update method call start
2024-05-28 00:51:03 - TradeData - DEBUG - addCandle method call start
2024-05-28 00:51:03 - TradeData - DEBUG - addCandle method call end
2024-05-28 00:51:03 - TradeStrategy - DEBUG - process method call start
2024-05-28 00:51:04 - TradeStrategy - DEBUG - process method call start
2024-05-28 00:51:04 - TradeStrategy - DEBUG - update method call end
2024-05-28 00:51:04 - LiveDataDownloader - DEBUG - notify method call end
2024-05-28 00:52:03 - LiveDataDownloader - DEBUG - new candle, notify subs
2024-05-28 00:52:03 - LiveDataDownloader - DEBUG - notify method call start
2024-05-28 00:52:03 - TradeStrategy - DEBUG - update method call start
2024-05-28 00:52:03 - TradeData - DEBUG - addCandle method call start
2024-05-28 00:52:03 - TradeData - DEBUG - addCandle method call end
2024-05-28 00:52:03 - TradeStrategy - DEBUG - process method call start
2024-05-28 00:52:04 - TradeStrategy - DEBUG - process method call start
2024-05-28 00:52:04 - TradeStrategy - DEBUG - update method call end
2024-05-28 00:52:04 - LiveDataDownloader - DEBUG - notify method call end
2024-05-28 00:53:03 - LiveDataDownloader - DEBUG - new candle, notify subs
2024-05-28 00:53:03 - LiveDataDownloader - DEBUG - notify method call start
2024-05-28 00:53:03 - TradeStrategy - DEBUG - update method call start
2024-05-28 00:53:03 - TradeData - DEBUG - addCandle method call start
2024-05-28 00:53:03 - TradeData - DEBUG - addCandle method call end
2024-05-28 00:53:03 - TradeStrategy - DEBUG - process method call start
2024-05-28 00:53:04 - TradeStrategy - DEBUG - process method call start
2024-05-28 00:53:04 - TradeStrategy - DEBUG - update method call end
2024-05-28 00:53:04 - LiveDataDownloader - DEBUG - notify method call end
2024-05-28 00:54:03 - LiveDataDownloader - DEBUG - new candle, notify subs
2024-05-28 00:54:03 - LiveDataDownloader - DEBUG - notify method call start
2024-05-28 00:54:03 - TradeStrategy - DEBUG - update method call start
2024-05-28 00:54:03 - TradeData - DEBUG - addCandle method call start
2024-05-28 00:54:03 - TradeData - DEBUG - addCandle method call end
2024-05-28 00:54:03 - TradeStrategy - DEBUG - process method call start
2024-05-28 00:54:04 - TradeStrategy - DEBUG - process method call start
2024-05-28 00:54:04 - TradeStrategy - DEBUG - update method call end
2024-05-28 00:54:04 - LiveDataDownloader - DEBUG - notify method call end
2024-05-28 00:55:03 - LiveDataDownloader - DEBUG - new candle, notify subs
2024-05-28 00:55:03 - LiveDataDownloader - DEBUG - notify method call start
2024-05-28 00:55:03 - TradeStrategy - DEBUG - update method call start
2024-05-28 00:55:03 - TradeData - DEBUG - addCandle method call start
2024-05-28 00:55:03 - TradeData - DEBUG - addCandle method call end
2024-05-28 00:55:03 - TradeStrategy - DEBUG - process method call start
2024-05-28 00:55:05 - TradeStrategy - DEBUG - process method call start
2024-05-28 00:55:05 - TradeStrategy - DEBUG - update method call end
2024-05-28 00:55:05 - LiveDataDownloader - DEBUG - notify method call end
2024-05-28 00:56:03 - LiveDataDownloader - DEBUG - new candle, notify subs
2024-05-28 00:56:03 - LiveDataDownloader - DEBUG - notify method call start
2024-05-28 00:56:03 - TradeStrategy - DEBUG - update method call start
2024-05-28 00:56:03 - TradeData - DEBUG - addCandle method call start
2024-05-28 00:56:03 - TradeData - DEBUG - addCandle method call end
2024-05-28 00:56:03 - TradeStrategy - DEBUG - process method call start
2024-05-28 00:56:05 - TradeStrategy - DEBUG - process method call start
2024-05-28 00:56:05 - TradeStrategy - DEBUG - update method call end
2024-05-28 00:56:05 - LiveDataDownloader - DEBUG - notify method call end
2024-05-28 00:57:03 - LiveDataDownloader - DEBUG - new candle, notify subs
2024-05-28 00:57:03 - LiveDataDownloader - DEBUG - notify method call start
2024-05-28 00:57:03 - TradeStrategy - DEBUG - update method call start
2024-05-28 00:57:03 - TradeData - DEBUG - addCandle method call start
2024-05-28 00:57:03 - TradeData - DEBUG - addCandle method call end
2024-05-28 00:57:03 - TradeStrategy - DEBUG - process method call start
2024-05-28 00:57:05 - TradeStrategy - DEBUG - process method call start
2024-05-28 00:57:05 - TradeStrategy - DEBUG - update method call end
2024-05-28 00:57:05 - LiveDataDownloader - DEBUG - notify method call end
2024-05-28 00:58:03 - LiveDataDownloader - DEBUG - new candle, notify subs
2024-05-28 00:58:03 - LiveDataDownloader - DEBUG - notify method call start
2024-05-28 00:58:03 - TradeStrategy - DEBUG - update method call start
2024-05-28 00:58:03 - TradeData - DEBUG - addCandle method call start
2024-05-28 00:58:03 - TradeData - DEBUG - addCandle method call end
2024-05-28 00:58:03 - TradeStrategy - DEBUG - process method call start
2024-05-28 00:58:04 - TradeStrategy - DEBUG - process method call start
2024-05-28 00:58:04 - TradeStrategy - DEBUG - update method call end
2024-05-28 00:58:04 - LiveDataDownloader - DEBUG - notify method call end
2024-05-28 00:59:03 - LiveDataDownloader - DEBUG - new candle, notify subs
2024-05-28 00:59:03 - LiveDataDownloader - DEBUG - notify method call start
2024-05-28 00:59:03 - TradeStrategy - DEBUG - update method call start
2024-05-28 00:59:03 - TradeData - DEBUG - addCandle method call start
2024-05-28 00:59:03 - TradeData - DEBUG - addCandle method call end
2024-05-28 00:59:03 - TradeStrategy - DEBUG - process method call start
2024-05-28 00:59:04 - TradeStrategy - DEBUG - process method call start
2024-05-28 00:59:04 - TradeStrategy - DEBUG - update method call end
2024-05-28 00:59:04 - LiveDataDownloader - DEBUG - notify method call end
2024-05-28 01:00:03 - LiveDataDownloader - DEBUG - new candle, notify subs
2024-05-28 01:00:03 - LiveDataDownloader - DEBUG - notify method call start
2024-05-28 01:00:03 - TradeStrategy - DEBUG - update method call start
2024-05-28 01:00:03 - TradeData - DEBUG - addCandle method call start
2024-05-28 01:00:03 - TradeData - DEBUG - addCandle method call end
2024-05-28 01:00:03 - TradeStrategy - DEBUG - process method call start
2024-05-28 01:00:05 - TradeStrategy - DEBUG - process method call start
2024-05-28 01:00:05 - TradeStrategy - DEBUG - update method call end
2024-05-28 01:00:05 - LiveDataDownloader - DEBUG - notify method call end
2024-05-28 01:01:03 - LiveDataDownloader - DEBUG - new candle, notify subs
2024-05-28 01:01:03 - LiveDataDownloader - DEBUG - notify method call start
2024-05-28 01:01:03 - TradeStrategy - DEBUG - update method call start
2024-05-28 01:01:03 - TradeData - DEBUG - addCandle method call start
2024-05-28 01:01:03 - TradeData - DEBUG - addCandle method call end
2024-05-28 01:01:03 - TradeStrategy - DEBUG - process method call start
2024-05-28 01:01:04 - TradeStrategy - DEBUG - process method call start
2024-05-28 01:01:04 - TradeStrategy - DEBUG - update method call end
2024-05-28 01:01:04 - LiveDataDownloader - DEBUG - notify method call end
2024-05-28 01:02:03 - LiveDataDownloader - DEBUG - new candle, notify subs
2024-05-28 01:02:03 - LiveDataDownloader - DEBUG - notify method call start
2024-05-28 01:02:03 - TradeStrategy - DEBUG - update method call start
2024-05-28 01:02:03 - TradeData - DEBUG - addCandle method call start
2024-05-28 01:02:03 - TradeData - DEBUG - addCandle method call end
2024-05-28 01:02:03 - TradeStrategy - DEBUG - process method call start
2024-05-28 01:02:05 - TradeStrategy - DEBUG - process method call start
2024-05-28 01:02:05 - TradeStrategy - DEBUG - update method call end
2024-05-28 01:02:05 - LiveDataDownloader - DEBUG - notify method call end
2024-05-28 01:03:03 - LiveDataDownloader - DEBUG - new candle, notify subs
2024-05-28 01:03:03 - LiveDataDownloader - DEBUG - notify method call start
2024-05-28 01:03:03 - TradeStrategy - DEBUG - update method call start
2024-05-28 01:03:03 - TradeData - DEBUG - addCandle method call start
2024-05-28 01:03:03 - TradeData - DEBUG - addCandle method call end
2024-05-28 01:03:03 - TradeStrategy - DEBUG - process method call start
2024-05-28 01:03:04 - TradeStrategy - DEBUG - process method call start
2024-05-28 01:03:04 - TradeStrategy - DEBUG - update method call end
2024-05-28 01:03:04 - LiveDataDownloader - DEBUG - notify method call end
2024-05-28 01:04:03 - LiveDataDownloader - DEBUG - new candle, notify subs
2024-05-28 01:04:03 - LiveDataDownloader - DEBUG - notify method call start
2024-05-28 01:04:03 - TradeStrategy - DEBUG - update method call start
2024-05-28 01:04:03 - TradeData - DEBUG - addCandle method call start
2024-05-28 01:04:03 - TradeData - DEBUG - addCandle method call end
2024-05-28 01:04:03 - TradeStrategy - DEBUG - process method call start
2024-05-28 01:04:05 - TradeStrategy - DEBUG - process method call start
2024-05-28 01:04:05 - TradeStrategy - DEBUG - update method call end
2024-05-28 01:04:05 - LiveDataDownloader - DEBUG - notify method call end
2024-05-28 01:05:03 - LiveDataDownloader - DEBUG - new candle, notify subs
2024-05-28 01:05:03 - LiveDataDownloader - DEBUG - notify method call start
2024-05-28 01:05:03 - TradeStrategy - DEBUG - update method call start
2024-05-28 01:05:03 - TradeData - DEBUG - addCandle method call start
2024-05-28 01:05:03 - TradeData - DEBUG - addCandle method call end
2024-05-28 01:05:03 - TradeStrategy - DEBUG - process method call start
2024-05-28 01:05:04 - TradeStrategy - DEBUG - process method call start
2024-05-28 01:05:04 - TradeStrategy - DEBUG - update method call end
2024-05-28 01:05:04 - LiveDataDownloader - DEBUG - notify method call end
2024-05-28 01:06:03 - LiveDataDownloader - DEBUG - new candle, notify subs
2024-05-28 01:06:03 - LiveDataDownloader - DEBUG - notify method call start
2024-05-28 01:06:03 - TradeStrategy - DEBUG - update method call start
2024-05-28 01:06:03 - TradeData - DEBUG - addCandle method call start
2024-05-28 01:06:03 - TradeData - DEBUG - addCandle method call end
2024-05-28 01:06:03 - TradeStrategy - DEBUG - process method call start
2024-05-28 01:06:05 - TradeStrategy - DEBUG - process method call start
2024-05-28 01:06:05 - TradeStrategy - DEBUG - update method call end
2024-05-28 01:06:05 - LiveDataDownloader - DEBUG - notify method call end
2024-05-28 01:07:03 - LiveDataDownloader - DEBUG - new candle, notify subs
2024-05-28 01:07:03 - LiveDataDownloader - DEBUG - notify method call start
2024-05-28 01:07:03 - TradeStrategy - DEBUG - update method call start
2024-05-28 01:07:03 - TradeData - DEBUG - addCandle method call start
2024-05-28 01:07:03 - TradeData - DEBUG - addCandle method call end
2024-05-28 01:07:03 - TradeStrategy - DEBUG - process method call start
2024-05-28 01:07:05 - TradeStrategy - DEBUG - process method call start
2024-05-28 01:07:05 - TradeStrategy - DEBUG - update method call end
2024-05-28 01:07:05 - LiveDataDownloader - DEBUG - notify method call end
2024-05-28 01:08:03 - LiveDataDownloader - DEBUG - new candle, notify subs
2024-05-28 01:08:03 - LiveDataDownloader - DEBUG - notify method call start
2024-05-28 01:08:03 - TradeStrategy - DEBUG - update method call start
2024-05-28 01:08:03 - TradeData - DEBUG - addCandle method call start
2024-05-28 01:08:03 - TradeData - DEBUG - addCandle method call end
2024-05-28 01:08:03 - TradeStrategy - DEBUG - process method call start
2024-05-28 01:08:05 - TradeStrategy - DEBUG - process method call start
2024-05-28 01:08:05 - TradeStrategy - DEBUG - update method call end
2024-05-28 01:08:05 - LiveDataDownloader - DEBUG - notify method call end
2024-05-28 01:09:03 - LiveDataDownloader - DEBUG - new candle, notify subs
2024-05-28 01:09:03 - LiveDataDownloader - DEBUG - notify method call start
2024-05-28 01:09:03 - TradeStrategy - DEBUG - update method call start
2024-05-28 01:09:03 - TradeData - DEBUG - addCandle method call start
2024-05-28 01:09:03 - TradeData - DEBUG - addCandle method call end
2024-05-28 01:09:03 - TradeStrategy - DEBUG - process method call start
2024-05-28 01:09:05 - TradeStrategy - DEBUG - process method call start
2024-05-28 01:09:05 - TradeStrategy - DEBUG - update method call end
2024-05-28 01:09:05 - LiveDataDownloader - DEBUG - notify method call end
2024-05-28 01:10:03 - LiveDataDownloader - DEBUG - new candle, notify subs
2024-05-28 01:10:03 - LiveDataDownloader - DEBUG - notify method call start
2024-05-28 01:10:03 - TradeStrategy - DEBUG - update method call start
2024-05-28 01:10:03 - TradeData - DEBUG - addCandle method call start
2024-05-28 01:10:03 - TradeData - DEBUG - addCandle method call end
2024-05-28 01:10:03 - TradeStrategy - DEBUG - process method call start
2024-05-28 01:10:05 - TradeStrategy - DEBUG - process method call start
2024-05-28 01:10:05 - TradeStrategy - DEBUG - update method call end
2024-05-28 01:10:05 - LiveDataDownloader - DEBUG - notify method call end
2024-05-28 01:11:02 - LiveDataDownloader - DEBUG - new candle, notify subs
2024-05-28 01:11:02 - LiveDataDownloader - DEBUG - notify method call start
2024-05-28 01:11:02 - TradeStrategy - DEBUG - update method call start
2024-05-28 01:11:02 - TradeData - DEBUG - addCandle method call start
2024-05-28 01:11:02 - TradeData - DEBUG - addCandle method call end
2024-05-28 01:11:02 - TradeStrategy - DEBUG - process method call start
2024-05-28 01:11:03 - TradeStrategy - DEBUG - process method call start
2024-05-28 01:11:03 - TradeStrategy - DEBUG - update method call end
2024-05-28 01:11:03 - LiveDataDownloader - DEBUG - notify method call end
2024-05-28 01:12:03 - LiveDataDownloader - DEBUG - new candle, notify subs
2024-05-28 01:12:03 - LiveDataDownloader - DEBUG - notify method call start
2024-05-28 01:12:03 - TradeStrategy - DEBUG - update method call start
2024-05-28 01:12:03 - TradeData - DEBUG - addCandle method call start
2024-05-28 01:12:03 - TradeData - DEBUG - addCandle method call end
2024-05-28 01:12:03 - TradeStrategy - DEBUG - process method call start
2024-05-28 01:12:05 - TradeStrategy - DEBUG - process method call start
2024-05-28 01:12:05 - TradeStrategy - DEBUG - update method call end
2024-05-28 01:12:05 - LiveDataDownloader - DEBUG - notify method call end
2024-05-28 01:13:03 - LiveDataDownloader - DEBUG - new candle, notify subs
2024-05-28 01:13:03 - LiveDataDownloader - DEBUG - notify method call start
2024-05-28 01:13:03 - TradeStrategy - DEBUG - update method call start
2024-05-28 01:13:03 - TradeData - DEBUG - addCandle method call start
2024-05-28 01:13:03 - TradeData - DEBUG - addCandle method call end
2024-05-28 01:13:03 - TradeStrategy - DEBUG - process method call start
2024-05-28 01:13:05 - TradeStrategy - DEBUG - process method call start
2024-05-28 01:13:05 - TradeStrategy - DEBUG - update method call end
2024-05-28 01:13:05 - LiveDataDownloader - DEBUG - notify method call end
2024-05-28 01:14:03 - LiveDataDownloader - DEBUG - new candle, notify subs
2024-05-28 01:14:03 - LiveDataDownloader - DEBUG - notify method call start
2024-05-28 01:14:03 - TradeStrategy - DEBUG - update method call start
2024-05-28 01:14:03 - TradeData - DEBUG - addCandle method call start
2024-05-28 01:14:03 - TradeData - DEBUG - addCandle method call end
2024-05-28 01:14:03 - TradeStrategy - DEBUG - process method call start
2024-05-28 01:14:05 - TradeStrategy - DEBUG - process method call start
2024-05-28 01:14:05 - TradeStrategy - DEBUG - update method call end
2024-05-28 01:14:05 - LiveDataDownloader - DEBUG - notify method call end
2024-05-28 01:15:01 - LiveDataDownloader - DEBUG - new candle, notify subs
2024-05-28 01:15:01 - LiveDataDownloader - DEBUG - notify method call start
2024-05-28 01:15:01 - TradeStrategy - DEBUG - update method call start
2024-05-28 01:15:01 - TradeData - DEBUG - addCandle method call start
2024-05-28 01:15:01 - TradeData - DEBUG - addCandle method call end
2024-05-28 01:15:01 - TradeStrategy - DEBUG - process method call start
2024-05-28 01:15:02 - TradeStrategy - DEBUG - process method call start
2024-05-28 01:15:02 - TradeStrategy - DEBUG - update method call end
2024-05-28 01:15:02 - LiveDataDownloader - DEBUG - notify method call end
2024-05-28 01:16:03 - LiveDataDownloader - DEBUG - new candle, notify subs
2024-05-28 01:16:03 - LiveDataDownloader - DEBUG - notify method call start
2024-05-28 01:16:03 - TradeStrategy - DEBUG - update method call start
2024-05-28 01:16:03 - TradeData - DEBUG - addCandle method call start
2024-05-28 01:16:03 - TradeData - DEBUG - addCandle method call end
2024-05-28 01:16:03 - TradeStrategy - DEBUG - process method call start
2024-05-28 01:16:05 - TradeStrategy - DEBUG - process method call start
2024-05-28 01:16:05 - TradeStrategy - DEBUG - update method call end
2024-05-28 01:16:05 - LiveDataDownloader - DEBUG - notify method call end
2024-05-28 01:17:03 - LiveDataDownloader - DEBUG - new candle, notify subs
2024-05-28 01:17:03 - LiveDataDownloader - DEBUG - notify method call start
2024-05-28 01:17:03 - TradeStrategy - DEBUG - update method call start
2024-05-28 01:17:03 - TradeData - DEBUG - addCandle method call start
2024-05-28 01:17:03 - TradeData - DEBUG - addCandle method call end
2024-05-28 01:17:03 - TradeStrategy - DEBUG - process method call start
2024-05-28 01:17:05 - TradeStrategy - DEBUG - process method call start
2024-05-28 01:17:05 - TradeStrategy - DEBUG - update method call end
2024-05-28 01:17:05 - LiveDataDownloader - DEBUG - notify method call end
2024-05-28 01:18:01 - LiveDataDownloader - DEBUG - new candle, notify subs
2024-05-28 01:18:01 - LiveDataDownloader - DEBUG - notify method call start
2024-05-28 01:18:01 - TradeStrategy - DEBUG - update method call start
2024-05-28 01:18:01 - TradeData - DEBUG - addCandle method call start
2024-05-28 01:18:01 - TradeData - DEBUG - addCandle method call end
2024-05-28 01:18:01 - TradeStrategy - DEBUG - process method call start
2024-05-28 01:18:02 - TradeStrategy - DEBUG - process method call start
2024-05-28 01:18:02 - TradeStrategy - DEBUG - update method call end
2024-05-28 01:18:02 - LiveDataDownloader - DEBUG - notify method call end
2024-05-28 01:19:03 - LiveDataDownloader - DEBUG - new candle, notify subs
2024-05-28 01:19:03 - LiveDataDownloader - DEBUG - notify method call start
2024-05-28 01:19:03 - TradeStrategy - DEBUG - update method call start
2024-05-28 01:19:03 - TradeData - DEBUG - addCandle method call start
2024-05-28 01:19:03 - TradeData - DEBUG - addCandle method call end
2024-05-28 01:19:03 - TradeStrategy - DEBUG - process method call start
2024-05-28 01:19:05 - TradeStrategy - DEBUG - process method call start
2024-05-28 01:19:05 - TradeStrategy - DEBUG - update method call end
2024-05-28 01:19:05 - LiveDataDownloader - DEBUG - notify method call end
2024-05-28 01:20:03 - LiveDataDownloader - DEBUG - new candle, notify subs
2024-05-28 01:20:03 - LiveDataDownloader - DEBUG - notify method call start
2024-05-28 01:20:03 - TradeStrategy - DEBUG - update method call start
2024-05-28 01:20:03 - TradeData - DEBUG - addCandle method call start
2024-05-28 01:20:03 - TradeData - DEBUG - addCandle method call end
2024-05-28 01:20:03 - TradeStrategy - DEBUG - process method call start
2024-05-28 01:20:05 - TradeStrategy - DEBUG - process method call start
2024-05-28 01:20:05 - TradeStrategy - DEBUG - update method call end
2024-05-28 01:20:05 - LiveDataDownloader - DEBUG - notify method call end
2024-05-28 01:21:03 - LiveDataDownloader - DEBUG - new candle, notify subs
2024-05-28 01:21:03 - LiveDataDownloader - DEBUG - notify method call start
2024-05-28 01:21:03 - TradeStrategy - DEBUG - update method call start
2024-05-28 01:21:03 - TradeData - DEBUG - addCandle method call start
2024-05-28 01:21:03 - TradeData - DEBUG - addCandle method call end
2024-05-28 01:21:03 - TradeStrategy - DEBUG - process method call start
2024-05-28 01:21:05 - TradeStrategy - DEBUG - process method call start
2024-05-28 01:21:05 - TradeStrategy - DEBUG - update method call end
2024-05-28 01:21:05 - LiveDataDownloader - DEBUG - notify method call end
2024-05-28 01:22:03 - LiveDataDownloader - DEBUG - new candle, notify subs
2024-05-28 01:22:03 - LiveDataDownloader - DEBUG - notify method call start
2024-05-28 01:22:03 - TradeStrategy - DEBUG - update method call start
2024-05-28 01:22:03 - TradeData - DEBUG - addCandle method call start
2024-05-28 01:22:03 - TradeData - DEBUG - addCandle method call end
2024-05-28 01:22:03 - TradeStrategy - DEBUG - process method call start
2024-05-28 01:22:05 - TradeStrategy - DEBUG - process method call start
2024-05-28 01:22:05 - TradeStrategy - DEBUG - update method call end
2024-05-28 01:22:05 - LiveDataDownloader - DEBUG - notify method call end
2024-05-28 01:23:03 - LiveDataDownloader - DEBUG - new candle, notify subs
2024-05-28 01:23:03 - LiveDataDownloader - DEBUG - notify method call start
2024-05-28 01:23:03 - TradeStrategy - DEBUG - update method call start
2024-05-28 01:23:03 - TradeData - DEBUG - addCandle method call start
2024-05-28 01:23:03 - TradeData - DEBUG - addCandle method call end
2024-05-28 01:23:03 - TradeStrategy - DEBUG - process method call start
2024-05-28 01:23:05 - TradeStrategy - DEBUG - process method call start
2024-05-28 01:23:05 - TradeStrategy - DEBUG - update method call end
2024-05-28 01:23:05 - LiveDataDownloader - DEBUG - notify method call end
2024-05-28 01:24:03 - LiveDataDownloader - DEBUG - new candle, notify subs
2024-05-28 01:24:03 - LiveDataDownloader - DEBUG - notify method call start
2024-05-28 01:24:03 - TradeStrategy - DEBUG - update method call start
2024-05-28 01:24:03 - TradeData - DEBUG - addCandle method call start
2024-05-28 01:24:03 - TradeData - DEBUG - addCandle method call end
2024-05-28 01:24:03 - TradeStrategy - DEBUG - process method call start
2024-05-28 01:24:05 - TradeStrategy - DEBUG - process method call start
2024-05-28 01:24:05 - TradeStrategy - DEBUG - update method call end
2024-05-28 01:24:05 - LiveDataDownloader - DEBUG - notify method call end
2024-05-28 01:25:03 - LiveDataDownloader - DEBUG - new candle, notify subs
2024-05-28 01:25:03 - LiveDataDownloader - DEBUG - notify method call start
2024-05-28 01:25:03 - TradeStrategy - DEBUG - update method call start
2024-05-28 01:25:03 - TradeData - DEBUG - addCandle method call start
2024-05-28 01:25:03 - TradeData - DEBUG - addCandle method call end
2024-05-28 01:25:03 - TradeStrategy - DEBUG - process method call start
2024-05-28 01:25:05 - TradeStrategy - DEBUG - process method call start
2024-05-28 01:25:05 - TradeStrategy - DEBUG - update method call end
2024-05-28 01:25:05 - LiveDataDownloader - DEBUG - notify method call end
2024-05-28 01:26:03 - LiveDataDownloader - DEBUG - new candle, notify subs
2024-05-28 01:26:03 - LiveDataDownloader - DEBUG - notify method call start
2024-05-28 01:26:03 - TradeStrategy - DEBUG - update method call start
2024-05-28 01:26:03 - TradeData - DEBUG - addCandle method call start
2024-05-28 01:26:03 - TradeData - DEBUG - addCandle method call end
2024-05-28 01:26:03 - TradeStrategy - DEBUG - process method call start
2024-05-28 01:26:05 - TradeStrategy - DEBUG - process method call start
2024-05-28 01:26:05 - TradeStrategy - DEBUG - update method call end
2024-05-28 01:26:05 - LiveDataDownloader - DEBUG - notify method call end
2024-05-28 01:27:03 - LiveDataDownloader - DEBUG - new candle, notify subs
2024-05-28 01:27:03 - LiveDataDownloader - DEBUG - notify method call start
2024-05-28 01:27:03 - TradeStrategy - DEBUG - update method call start
2024-05-28 01:27:03 - TradeData - DEBUG - addCandle method call start
2024-05-28 01:27:03 - TradeData - DEBUG - addCandle method call end
2024-05-28 01:27:03 - TradeStrategy - DEBUG - process method call start
2024-05-28 01:27:05 - TradeStrategy - DEBUG - process method call start
2024-05-28 01:27:05 - TradeStrategy - DEBUG - update method call end
2024-05-28 01:27:05 - LiveDataDownloader - DEBUG - notify method call end
2024-05-28 01:28:03 - LiveDataDownloader - DEBUG - new candle, notify subs
2024-05-28 01:28:03 - LiveDataDownloader - DEBUG - notify method call start
2024-05-28 01:28:03 - TradeStrategy - DEBUG - update method call start
2024-05-28 01:28:03 - TradeData - DEBUG - addCandle method call start
2024-05-28 01:28:03 - TradeData - DEBUG - addCandle method call end
2024-05-28 01:28:03 - TradeStrategy - DEBUG - process method call start
2024-05-28 01:28:05 - TradeStrategy - DEBUG - process method call start
2024-05-28 01:28:05 - TradeStrategy - DEBUG - update method call end
2024-05-28 01:28:05 - LiveDataDownloader - DEBUG - notify method call end
2024-05-28 01:29:03 - LiveDataDownloader - DEBUG - new candle, notify subs
2024-05-28 01:29:03 - LiveDataDownloader - DEBUG - notify method call start
2024-05-28 01:29:03 - TradeStrategy - DEBUG - update method call start
2024-05-28 01:29:03 - TradeData - DEBUG - addCandle method call start
2024-05-28 01:29:03 - TradeData - DEBUG - addCandle method call end
2024-05-28 01:29:03 - TradeStrategy - DEBUG - process method call start
2024-05-28 01:29:05 - TradeStrategy - DEBUG - process method call start
2024-05-28 01:29:05 - TradeStrategy - DEBUG - update method call end
2024-05-28 01:29:05 - LiveDataDownloader - DEBUG - notify method call end
2024-05-28 01:30:03 - LiveDataDownloader - DEBUG - new candle, notify subs
2024-05-28 01:30:03 - LiveDataDownloader - DEBUG - notify method call start
2024-05-28 01:30:03 - TradeStrategy - DEBUG - update method call start
2024-05-28 01:30:03 - TradeData - DEBUG - addCandle method call start
2024-05-28 01:30:03 - TradeData - DEBUG - addCandle method call end
2024-05-28 01:30:03 - TradeStrategy - DEBUG - process method call start
2024-05-28 01:30:05 - TradeStrategy - DEBUG - process method call start
2024-05-28 01:30:05 - TradeStrategy - DEBUG - update method call end
2024-05-28 01:30:05 - LiveDataDownloader - DEBUG - notify method call end
2024-05-28 01:31:03 - LiveDataDownloader - DEBUG - new candle, notify subs
2024-05-28 01:31:03 - LiveDataDownloader - DEBUG - notify method call start
2024-05-28 01:31:03 - TradeStrategy - DEBUG - update method call start
2024-05-28 01:31:03 - TradeData - DEBUG - addCandle method call start
2024-05-28 01:31:03 - TradeData - DEBUG - addCandle method call end
2024-05-28 01:31:03 - TradeStrategy - DEBUG - process method call start
2024-05-28 01:31:05 - TradeStrategy - DEBUG - process method call start
2024-05-28 01:31:05 - TradeStrategy - DEBUG - update method call end
2024-05-28 01:31:05 - LiveDataDownloader - DEBUG - notify method call end
2024-05-28 01:32:03 - LiveDataDownloader - DEBUG - new candle, notify subs
2024-05-28 01:32:03 - LiveDataDownloader - DEBUG - notify method call start
2024-05-28 01:32:03 - TradeStrategy - DEBUG - update method call start
2024-05-28 01:32:03 - TradeData - DEBUG - addCandle method call start
2024-05-28 01:32:03 - TradeData - DEBUG - addCandle method call end
2024-05-28 01:32:03 - TradeStrategy - DEBUG - process method call start
2024-05-28 01:32:05 - TradeStrategy - DEBUG - process method call start
2024-05-28 01:32:05 - TradeStrategy - DEBUG - update method call end
2024-05-28 01:32:05 - LiveDataDownloader - DEBUG - notify method call end
2024-05-28 01:33:03 - LiveDataDownloader - DEBUG - new candle, notify subs
2024-05-28 01:33:03 - LiveDataDownloader - DEBUG - notify method call start
2024-05-28 01:33:03 - TradeStrategy - DEBUG - update method call start
2024-05-28 01:33:03 - TradeData - DEBUG - addCandle method call start
2024-05-28 01:33:03 - TradeData - DEBUG - addCandle method call end
2024-05-28 01:33:03 - TradeStrategy - DEBUG - process method call start
2024-05-28 01:33:05 - TradeStrategy - DEBUG - process method call start
2024-05-28 01:33:05 - TradeStrategy - DEBUG - update method call end
2024-05-28 01:33:05 - LiveDataDownloader - DEBUG - notify method call end
2024-05-28 01:34:03 - LiveDataDownloader - DEBUG - new candle, notify subs
2024-05-28 01:34:03 - LiveDataDownloader - DEBUG - notify method call start
2024-05-28 01:34:03 - TradeStrategy - DEBUG - update method call start
2024-05-28 01:34:03 - TradeData - DEBUG - addCandle method call start
2024-05-28 01:34:03 - TradeData - DEBUG - addCandle method call end
2024-05-28 01:34:03 - TradeStrategy - DEBUG - process method call start
2024-05-28 01:34:05 - TradeStrategy - DEBUG - process method call start
2024-05-28 01:34:05 - TradeStrategy - DEBUG - update method call end
2024-05-28 01:34:05 - LiveDataDownloader - DEBUG - notify method call end
2024-05-28 01:35:03 - LiveDataDownloader - DEBUG - new candle, notify subs
2024-05-28 01:35:03 - LiveDataDownloader - DEBUG - notify method call start
2024-05-28 01:35:03 - TradeStrategy - DEBUG - update method call start
2024-05-28 01:35:03 - TradeData - DEBUG - addCandle method call start
2024-05-28 01:35:03 - TradeData - DEBUG - addCandle method call end
2024-05-28 01:35:03 - TradeStrategy - DEBUG - process method call start
2024-05-28 01:35:05 - TradeStrategy - DEBUG - process method call start
2024-05-28 01:35:05 - TradeStrategy - DEBUG - update method call end
2024-05-28 01:35:05 - LiveDataDownloader - DEBUG - notify method call end
2024-05-28 01:36:03 - LiveDataDownloader - DEBUG - new candle, notify subs
2024-05-28 01:36:03 - LiveDataDownloader - DEBUG - notify method call start
2024-05-28 01:36:03 - TradeStrategy - DEBUG - update method call start
2024-05-28 01:36:03 - TradeData - DEBUG - addCandle method call start
2024-05-28 01:36:03 - TradeData - DEBUG - addCandle method call end
2024-05-28 01:36:03 - TradeStrategy - DEBUG - process method call start
2024-05-28 01:36:05 - TradeStrategy - DEBUG - process method call start
2024-05-28 01:36:05 - TradeStrategy - DEBUG - update method call end
2024-05-28 01:36:05 - LiveDataDownloader - DEBUG - notify method call end
2024-05-28 01:37:03 - LiveDataDownloader - DEBUG - new candle, notify subs
2024-05-28 01:37:03 - LiveDataDownloader - DEBUG - notify method call start
2024-05-28 01:37:03 - TradeStrategy - DEBUG - update method call start
2024-05-28 01:37:03 - TradeData - DEBUG - addCandle method call start
2024-05-28 01:37:03 - TradeData - DEBUG - addCandle method call end
2024-05-28 01:37:03 - TradeStrategy - DEBUG - process method call start
2024-05-28 01:37:05 - TradeStrategy - DEBUG - process method call start
2024-05-28 01:37:05 - TradeStrategy - DEBUG - update method call end
2024-05-28 01:37:05 - LiveDataDownloader - DEBUG - notify method call end
2024-05-28 01:38:03 - LiveDataDownloader - DEBUG - new candle, notify subs
2024-05-28 01:38:03 - LiveDataDownloader - DEBUG - notify method call start
2024-05-28 01:38:03 - TradeStrategy - DEBUG - update method call start
2024-05-28 01:38:03 - TradeData - DEBUG - addCandle method call start
2024-05-28 01:38:03 - TradeData - DEBUG - addCandle method call end
2024-05-28 01:38:03 - TradeStrategy - DEBUG - process method call start
2024-05-28 01:38:05 - TradeStrategy - DEBUG - process method call start
2024-05-28 01:38:05 - TradeStrategy - DEBUG - update method call end
2024-05-28 01:38:05 - LiveDataDownloader - DEBUG - notify method call end
2024-05-28 01:39:03 - LiveDataDownloader - DEBUG - new candle, notify subs
2024-05-28 01:39:03 - LiveDataDownloader - DEBUG - notify method call start
2024-05-28 01:39:03 - TradeStrategy - DEBUG - update method call start
2024-05-28 01:39:03 - TradeData - DEBUG - addCandle method call start
2024-05-28 01:39:03 - TradeData - DEBUG - addCandle method call end
2024-05-28 01:39:03 - TradeStrategy - DEBUG - process method call start
2024-05-28 01:39:05 - TradeStrategy - DEBUG - process method call start
2024-05-28 01:39:05 - TradeStrategy - DEBUG - update method call end
2024-05-28 01:39:05 - LiveDataDownloader - DEBUG - notify method call end
2024-05-28 01:40:03 - LiveDataDownloader - DEBUG - new candle, notify subs
2024-05-28 01:40:03 - LiveDataDownloader - DEBUG - notify method call start
2024-05-28 01:40:03 - TradeStrategy - DEBUG - update method call start
2024-05-28 01:40:03 - TradeData - DEBUG - addCandle method call start
2024-05-28 01:40:03 - TradeData - DEBUG - addCandle method call end
2024-05-28 01:40:03 - TradeStrategy - DEBUG - process method call start
2024-05-28 01:40:05 - TradeStrategy - DEBUG - process method call start
2024-05-28 01:40:05 - TradeStrategy - DEBUG - update method call end
2024-05-28 01:40:05 - LiveDataDownloader - DEBUG - notify method call end
2024-05-28 01:41:03 - LiveDataDownloader - DEBUG - new candle, notify subs
2024-05-28 01:41:03 - LiveDataDownloader - DEBUG - notify method call start
2024-05-28 01:41:03 - TradeStrategy - DEBUG - update method call start
2024-05-28 01:41:03 - TradeData - DEBUG - addCandle method call start
2024-05-28 01:41:03 - TradeData - DEBUG - addCandle method call end
2024-05-28 01:41:03 - TradeStrategy - DEBUG - process method call start
2024-05-28 01:41:05 - TradeStrategy - DEBUG - process method call start
2024-05-28 01:41:05 - TradeStrategy - DEBUG - update method call end
2024-05-28 01:41:05 - LiveDataDownloader - DEBUG - notify method call end
2024-05-28 01:42:03 - LiveDataDownloader - DEBUG - new candle, notify subs
2024-05-28 01:42:03 - LiveDataDownloader - DEBUG - notify method call start
2024-05-28 01:42:03 - TradeStrategy - DEBUG - update method call start
2024-05-28 01:42:03 - TradeData - DEBUG - addCandle method call start
2024-05-28 01:42:03 - TradeData - DEBUG - addCandle method call end
2024-05-28 01:42:03 - TradeStrategy - DEBUG - process method call start
2024-05-28 01:42:05 - TradeStrategy - DEBUG - process method call start
2024-05-28 01:42:05 - TradeStrategy - DEBUG - update method call end
2024-05-28 01:42:05 - LiveDataDownloader - DEBUG - notify method call end
2024-05-28 01:43:03 - LiveDataDownloader - DEBUG - new candle, notify subs
2024-05-28 01:43:03 - LiveDataDownloader - DEBUG - notify method call start
2024-05-28 01:43:03 - TradeStrategy - DEBUG - update method call start
2024-05-28 01:43:03 - TradeData - DEBUG - addCandle method call start
2024-05-28 01:43:03 - TradeData - DEBUG - addCandle method call end
2024-05-28 01:43:03 - TradeStrategy - DEBUG - process method call start
2024-05-28 01:43:05 - TradeStrategy - DEBUG - process method call start
2024-05-28 01:43:05 - TradeStrategy - DEBUG - update method call end
2024-05-28 01:43:05 - LiveDataDownloader - DEBUG - notify method call end
2024-05-28 01:44:03 - LiveDataDownloader - DEBUG - new candle, notify subs
2024-05-28 01:44:03 - LiveDataDownloader - DEBUG - notify method call start
2024-05-28 01:44:03 - TradeStrategy - DEBUG - update method call start
2024-05-28 01:44:03 - TradeData - DEBUG - addCandle method call start
2024-05-28 01:44:03 - TradeData - DEBUG - addCandle method call end
2024-05-28 01:44:03 - TradeStrategy - DEBUG - process method call start
2024-05-28 01:44:05 - TradeStrategy - DEBUG - process method call start
2024-05-28 01:44:05 - TradeStrategy - DEBUG - update method call end
2024-05-28 01:44:05 - LiveDataDownloader - DEBUG - notify method call end
2024-05-28 01:45:03 - LiveDataDownloader - DEBUG - new candle, notify subs
2024-05-28 01:45:03 - LiveDataDownloader - DEBUG - notify method call start
2024-05-28 01:45:03 - TradeStrategy - DEBUG - update method call start
2024-05-28 01:45:03 - TradeData - DEBUG - addCandle method call start
2024-05-28 01:45:03 - TradeData - DEBUG - addCandle method call end
2024-05-28 01:45:03 - TradeStrategy - DEBUG - process method call start
2024-05-28 01:45:05 - TradeStrategy - DEBUG - process method call start
2024-05-28 01:45:05 - TradeStrategy - DEBUG - update method call end
2024-05-28 01:45:05 - LiveDataDownloader - DEBUG - notify method call end
2024-05-28 01:46:03 - LiveDataDownloader - DEBUG - new candle, notify subs
2024-05-28 01:46:03 - LiveDataDownloader - DEBUG - notify method call start
2024-05-28 01:46:03 - TradeStrategy - DEBUG - update method call start
2024-05-28 01:46:03 - TradeData - DEBUG - addCandle method call start
2024-05-28 01:46:03 - TradeData - DEBUG - addCandle method call end
2024-05-28 01:46:03 - TradeStrategy - DEBUG - process method call start
2024-05-28 01:46:05 - TradeStrategy - DEBUG - process method call start
2024-05-28 01:46:05 - TradeStrategy - DEBUG - update method call end
2024-05-28 01:46:05 - LiveDataDownloader - DEBUG - notify method call end
2024-05-28 01:47:03 - LiveDataDownloader - DEBUG - new candle, notify subs
2024-05-28 01:47:03 - LiveDataDownloader - DEBUG - notify method call start
2024-05-28 01:47:03 - TradeStrategy - DEBUG - update method call start
2024-05-28 01:47:03 - TradeData - DEBUG - addCandle method call start
2024-05-28 01:47:03 - TradeData - DEBUG - addCandle method call end
2024-05-28 01:47:03 - TradeStrategy - DEBUG - process method call start
2024-05-28 01:47:05 - TradeStrategy - DEBUG - process method call start
2024-05-28 01:47:05 - TradeStrategy - DEBUG - update method call end
2024-05-28 01:47:05 - LiveDataDownloader - DEBUG - notify method call end
2024-05-28 01:48:01 - LiveDataDownloader - DEBUG - new candle, notify subs
2024-05-28 01:48:01 - LiveDataDownloader - DEBUG - notify method call start
2024-05-28 01:48:01 - TradeStrategy - DEBUG - update method call start
2024-05-28 01:48:01 - TradeData - DEBUG - addCandle method call start
2024-05-28 01:48:01 - TradeData - DEBUG - addCandle method call end
2024-05-28 01:48:01 - TradeStrategy - DEBUG - process method call start
2024-05-28 01:48:03 - TradeStrategy - DEBUG - process method call start
2024-05-28 01:48:03 - TradeStrategy - DEBUG - update method call end
2024-05-28 01:48:03 - LiveDataDownloader - DEBUG - notify method call end
2024-05-28 01:49:03 - LiveDataDownloader - DEBUG - new candle, notify subs
2024-05-28 01:49:03 - LiveDataDownloader - DEBUG - notify method call start
2024-05-28 01:49:03 - TradeStrategy - DEBUG - update method call start
2024-05-28 01:49:03 - TradeData - DEBUG - addCandle method call start
2024-05-28 01:49:03 - TradeData - DEBUG - addCandle method call end
2024-05-28 01:49:03 - TradeStrategy - DEBUG - process method call start
2024-05-28 01:49:05 - TradeStrategy - DEBUG - process method call start
2024-05-28 01:49:05 - TradeStrategy - DEBUG - update method call end
2024-05-28 01:49:05 - LiveDataDownloader - DEBUG - notify method call end
2024-05-28 01:50:03 - LiveDataDownloader - DEBUG - new candle, notify subs
2024-05-28 01:50:03 - LiveDataDownloader - DEBUG - notify method call start
2024-05-28 01:50:03 - TradeStrategy - DEBUG - update method call start
2024-05-28 01:50:03 - TradeData - DEBUG - addCandle method call start
2024-05-28 01:50:03 - TradeData - DEBUG - addCandle method call end
2024-05-28 01:50:03 - TradeStrategy - DEBUG - process method call start
2024-05-28 01:50:05 - TradeStrategy - DEBUG - process method call start
2024-05-28 01:50:05 - TradeStrategy - DEBUG - update method call end
2024-05-28 01:50:05 - LiveDataDownloader - DEBUG - notify method call end
2024-05-28 01:51:02 - LiveDataDownloader - DEBUG - new candle, notify subs
2024-05-28 01:51:02 - LiveDataDownloader - DEBUG - notify method call start
2024-05-28 01:51:02 - TradeStrategy - DEBUG - update method call start
2024-05-28 01:51:02 - TradeData - DEBUG - addCandle method call start
2024-05-28 01:51:02 - TradeData - DEBUG - addCandle method call end
2024-05-28 01:51:02 - TradeStrategy - DEBUG - process method call start
2024-05-28 01:51:04 - TradeStrategy - DEBUG - process method call start
2024-05-28 01:51:04 - TradeStrategy - DEBUG - update method call end
2024-05-28 01:51:04 - LiveDataDownloader - DEBUG - notify method call end
2024-05-28 01:52:03 - LiveDataDownloader - DEBUG - new candle, notify subs
2024-05-28 01:52:03 - LiveDataDownloader - DEBUG - notify method call start
2024-05-28 01:52:03 - TradeStrategy - DEBUG - update method call start
2024-05-28 01:52:03 - TradeData - DEBUG - addCandle method call start
2024-05-28 01:52:03 - TradeData - DEBUG - addCandle method call end
2024-05-28 01:52:03 - TradeStrategy - DEBUG - process method call start
2024-05-28 01:52:05 - TradeStrategy - DEBUG - process method call start
2024-05-28 01:52:05 - TradeStrategy - DEBUG - update method call end
2024-05-28 01:52:05 - LiveDataDownloader - DEBUG - notify method call end
2024-05-28 01:53:01 - LiveDataDownloader - DEBUG - new candle, notify subs
2024-05-28 01:53:01 - LiveDataDownloader - DEBUG - notify method call start
2024-05-28 01:53:01 - TradeStrategy - DEBUG - update method call start
2024-05-28 01:53:01 - TradeData - DEBUG - addCandle method call start
2024-05-28 01:53:01 - TradeData - DEBUG - addCandle method call end
2024-05-28 01:53:01 - TradeStrategy - DEBUG - process method call start
2024-05-28 01:53:02 - TradeStrategy - DEBUG - process method call start
2024-05-28 01:53:02 - TradeStrategy - DEBUG - update method call end
2024-05-28 01:53:02 - LiveDataDownloader - DEBUG - notify method call end
2024-05-28 01:54:03 - LiveDataDownloader - DEBUG - new candle, notify subs
2024-05-28 01:54:03 - LiveDataDownloader - DEBUG - notify method call start
2024-05-28 01:54:03 - TradeStrategy - DEBUG - update method call start
2024-05-28 01:54:03 - TradeData - DEBUG - addCandle method call start
2024-05-28 01:54:03 - TradeData - DEBUG - addCandle method call end
2024-05-28 01:54:03 - TradeStrategy - DEBUG - process method call start
2024-05-28 01:54:05 - TradeStrategy - DEBUG - process method call start
2024-05-28 01:54:05 - TradeStrategy - DEBUG - update method call end
2024-05-28 01:54:05 - LiveDataDownloader - DEBUG - notify method call end
2024-05-28 01:55:03 - LiveDataDownloader - DEBUG - new candle, notify subs
2024-05-28 01:55:03 - LiveDataDownloader - DEBUG - notify method call start
2024-05-28 01:55:03 - TradeStrategy - DEBUG - update method call start
2024-05-28 01:55:03 - TradeData - DEBUG - addCandle method call start
2024-05-28 01:55:03 - TradeData - DEBUG - addCandle method call end
2024-05-28 01:55:03 - TradeStrategy - DEBUG - process method call start
2024-05-28 01:55:05 - TradeStrategy - DEBUG - process method call start
2024-05-28 01:55:05 - TradeStrategy - DEBUG - update method call end
2024-05-28 01:55:05 - LiveDataDownloader - DEBUG - notify method call end
2024-05-28 01:55:55 - websocket - ERROR - error from callback <bound method LiveDataDownloader.__onClose__ of <LiveDataDownloader.LiveDataDownloader object at 0x0000018B2BF7A870>>: LiveDataDownloader.__onClose__() takes 2 positional arguments but 4 were given
2024-05-28 01:55:55 - websocket - INFO - tearing down on exception 
